{"/home/pepodev/projects/pepodev/number-guessing/.svelte-kit/generated/root.js": {"path":"/home/pepodev/projects/pepodev/number-guessing/.svelte-kit/generated/root.js","all":true,"statementMap":{"0":{"start":{"line":1,"column":0},"end":{"line":1,"column":49}},"1":{"start":{"line":2,"column":0},"end":{"line":2,"column":33}},"2":{"start":{"line":3,"column":0},"end":{"line":3,"column":38}}},"s":{"0":0,"1":0,"2":0},"branchMap":{"0":{"type":"branch","line":1,"loc":{"start":{"line":1,"column":122},"end":{"line":3,"column":38}},"locations":[{"start":{"line":1,"column":122},"end":{"line":3,"column":38}}]}},"b":{"0":[0]},"fnMap":{"0":{"name":"(empty-report)","decl":{"start":{"line":1,"column":122},"end":{"line":3,"column":38}},"loc":{"start":{"line":1,"column":122},"end":{"line":3,"column":38}},"line":1}},"f":{"0":0}}
,"/home/pepodev/projects/pepodev/number-guessing/.svelte-kit/generated/root.svelte": {"path":"/home/pepodev/projects/pepodev/number-guessing/.svelte-kit/generated/root.svelte","all":true,"statementMap":{"0":{"start":{"line":1,"column":0},"end":{"line":1,"column":66}},"1":{"start":{"line":2,"column":0},"end":{"line":2,"column":31}},"2":{"start":{"line":3,"column":0},"end":{"line":3,"column":8}},"3":{"start":{"line":4,"column":0},"end":{"line":4,"column":52}},"4":{"start":{"line":5,"column":0},"end":{"line":5,"column":44}},"5":{"start":{"line":6,"column":0},"end":{"line":6,"column":0}},"6":{"start":{"line":7,"column":0},"end":{"line":7,"column":10}},"7":{"start":{"line":8,"column":0},"end":{"line":8,"column":100}},"8":{"start":{"line":9,"column":0},"end":{"line":9,"column":0}},"9":{"start":{"line":10,"column":0},"end":{"line":10,"column":16}},"10":{"start":{"line":11,"column":0},"end":{"line":11,"column":35}},"11":{"start":{"line":12,"column":0},"end":{"line":12,"column":2}},"12":{"start":{"line":13,"column":0},"end":{"line":13,"column":0}},"13":{"start":{"line":14,"column":0},"end":{"line":14,"column":15}},"14":{"start":{"line":15,"column":0},"end":{"line":15,"column":43}},"15":{"start":{"line":16,"column":0},"end":{"line":16,"column":9}},"16":{"start":{"line":17,"column":0},"end":{"line":17,"column":24}},"17":{"start":{"line":18,"column":0},"end":{"line":18,"column":2}},"18":{"start":{"line":19,"column":0},"end":{"line":19,"column":16}},"19":{"start":{"line":20,"column":0},"end":{"line":20,"column":57}},"20":{"start":{"line":21,"column":0},"end":{"line":21,"column":23}},"21":{"start":{"line":22,"column":0},"end":{"line":22,"column":4}},"22":{"start":{"line":23,"column":0},"end":{"line":23,"column":0}},"23":{"start":{"line":24,"column":0},"end":{"line":24,"column":29}},"24":{"start":{"line":25,"column":0},"end":{"line":25,"column":31}},"25":{"start":{"line":26,"column":0},"end":{"line":26,"column":26}},"26":{"start":{"line":27,"column":0},"end":{"line":27,"column":0}},"27":{"start":{"line":28,"column":0},"end":{"line":28,"column":16}},"28":{"start":{"line":29,"column":0},"end":{"line":29,"column":51}},"29":{"start":{"line":30,"column":0},"end":{"line":30,"column":17}},"30":{"start":{"line":31,"column":0},"end":{"line":31,"column":21}},"31":{"start":{"line":32,"column":0},"end":{"line":32,"column":23}},"32":{"start":{"line":33,"column":0},"end":{"line":33,"column":47}},"33":{"start":{"line":34,"column":0},"end":{"line":34,"column":7}},"34":{"start":{"line":35,"column":0},"end":{"line":35,"column":4}},"35":{"start":{"line":36,"column":0},"end":{"line":36,"column":5}},"36":{"start":{"line":37,"column":0},"end":{"line":37,"column":0}},"37":{"start":{"line":38,"column":0},"end":{"line":38,"column":17}},"38":{"start":{"line":39,"column":0},"end":{"line":39,"column":21}},"39":{"start":{"line":40,"column":0},"end":{"line":40,"column":4}},"40":{"start":{"line":41,"column":0},"end":{"line":41,"column":0}},"41":{"start":{"line":42,"column":0},"end":{"line":42,"column":42}},"42":{"start":{"line":43,"column":0},"end":{"line":43,"column":9}},"43":{"start":{"line":44,"column":0},"end":{"line":44,"column":0}},"44":{"start":{"line":45,"column":0},"end":{"line":45,"column":21}},"45":{"start":{"line":46,"column":0},"end":{"line":46,"column":37}},"46":{"start":{"line":47,"column":0},"end":{"line":47,"column":59}},"47":{"start":{"line":48,"column":0},"end":{"line":48,"column":86}},"48":{"start":{"line":49,"column":0},"end":{"line":49,"column":60}},"49":{"start":{"line":50,"column":0},"end":{"line":50,"column":91}},"50":{"start":{"line":51,"column":0},"end":{"line":51,"column":19}},"51":{"start":{"line":52,"column":0},"end":{"line":52,"column":0}},"52":{"start":{"line":53,"column":0},"end":{"line":53,"column":7}},"53":{"start":{"line":54,"column":0},"end":{"line":54,"column":37}},"54":{"start":{"line":55,"column":0},"end":{"line":55,"column":53}},"55":{"start":{"line":56,"column":0},"end":{"line":56,"column":82}},"56":{"start":{"line":57,"column":0},"end":{"line":57,"column":0}},"57":{"start":{"line":58,"column":0},"end":{"line":58,"column":5}},"58":{"start":{"line":59,"column":0},"end":{"line":59,"column":0}},"59":{"start":{"line":60,"column":0},"end":{"line":60,"column":13}},"60":{"start":{"line":61,"column":0},"end":{"line":61,"column":221}},"61":{"start":{"line":62,"column":0},"end":{"line":62,"column":17}},"62":{"start":{"line":63,"column":0},"end":{"line":63,"column":10}},"63":{"start":{"line":64,"column":0},"end":{"line":64,"column":7}},"64":{"start":{"line":65,"column":0},"end":{"line":65,"column":7}},"65":{"start":{"line":66,"column":0},"end":{"line":66,"column":5}}},"s":{"0":0,"1":0,"2":0,"3":0,"4":0,"5":0,"6":0,"7":0,"8":0,"9":0,"10":0,"11":0,"12":0,"13":0,"14":0,"15":0,"16":0,"17":0,"18":0,"19":0,"20":0,"21":0,"22":0,"23":0,"24":0,"25":0,"26":0,"27":0,"28":0,"29":0,"30":0,"31":0,"32":0,"33":0,"34":0,"35":0,"36":0,"37":0,"38":0,"39":0,"40":0,"41":0,"42":0,"43":0,"44":0,"45":0,"46":0,"47":0,"48":0,"49":0,"50":0,"51":0,"52":0,"53":0,"54":0,"55":0,"56":0,"57":0,"58":0,"59":0,"60":0,"61":0,"62":0,"63":0,"64":0,"65":0},"branchMap":{"0":{"type":"branch","line":1,"loc":{"start":{"line":1,"column":0},"end":{"line":66,"column":5}},"locations":[{"start":{"line":1,"column":0},"end":{"line":66,"column":5}}]}},"b":{"0":[0]},"fnMap":{"0":{"name":"(empty-report)","decl":{"start":{"line":1,"column":0},"end":{"line":66,"column":5}},"loc":{"start":{"line":1,"column":0},"end":{"line":66,"column":5}},"line":1}},"f":{"0":0}}
,"/home/pepodev/projects/pepodev/number-guessing/.svelte-kit/generated/client/app.js": {"path":"/home/pepodev/projects/pepodev/number-guessing/.svelte-kit/generated/client/app.js","all":true,"statementMap":{"0":{"start":{"line":1,"column":0},"end":{"line":1,"column":41}},"2":{"start":{"line":3,"column":0},"end":{"line":3,"column":22}},"3":{"start":{"line":4,"column":0},"end":{"line":4,"column":27}},"4":{"start":{"line":5,"column":0},"end":{"line":5,"column":27}},"5":{"start":{"line":6,"column":0},"end":{"line":6,"column":26}},"6":{"start":{"line":7,"column":0},"end":{"line":7,"column":2}},"8":{"start":{"line":9,"column":0},"end":{"line":9,"column":31}},"10":{"start":{"line":11,"column":0},"end":{"line":11,"column":27}},"11":{"start":{"line":12,"column":0},"end":{"line":12,"column":10}},"12":{"start":{"line":13,"column":0},"end":{"line":13,"column":3}},"14":{"start":{"line":15,"column":0},"end":{"line":15,"column":22}},"15":{"start":{"line":16,"column":0},"end":{"line":16,"column":56}},"16":{"start":{"line":17,"column":0},"end":{"line":17,"column":1}},"17":{"start":{"line":18,"column":0},"end":{"line":18,"column":21}},"18":{"start":{"line":19,"column":0},"end":{"line":19,"column":14}},"19":{"start":{"line":20,"column":0},"end":{"line":20,"column":2}},"21":{"start":{"line":22,"column":0},"end":{"line":22,"column":107}},"23":{"start":{"line":24,"column":0},"end":{"line":24,"column":26}},"25":{"start":{"line":26,"column":0},"end":{"line":26,"column":61}},"27":{"start":{"line":28,"column":0},"end":{"line":28,"column":45}}},"s":{"0":0,"2":0,"3":0,"4":0,"5":0,"6":0,"8":0,"10":0,"11":0,"12":0,"14":0,"15":0,"16":0,"17":0,"18":0,"19":0,"21":0,"23":0,"25":0,"27":0},"branchMap":{"0":{"type":"branch","line":1,"loc":{"start":{"line":1,"column":598},"end":{"line":28,"column":45}},"locations":[{"start":{"line":1,"column":598},"end":{"line":28,"column":45}}]}},"b":{"0":[0]},"fnMap":{"0":{"name":"(empty-report)","decl":{"start":{"line":1,"column":598},"end":{"line":28,"column":45}},"loc":{"start":{"line":1,"column":598},"end":{"line":28,"column":45}},"line":1}},"f":{"0":0}}
,"/home/pepodev/projects/pepodev/number-guessing/.svelte-kit/generated/client/matchers.js": {"path":"/home/pepodev/projects/pepodev/number-guessing/.svelte-kit/generated/client/matchers.js","all":true,"statementMap":{"0":{"start":{"line":1,"column":0},"end":{"line":1,"column":27}}},"s":{"0":0},"branchMap":{"0":{"type":"branch","line":1,"loc":{"start":{"line":1,"column":27},"end":{"line":1,"column":27}},"locations":[{"start":{"line":1,"column":27},"end":{"line":1,"column":27}}]}},"b":{"0":[0]},"fnMap":{"0":{"name":"(empty-report)","decl":{"start":{"line":1,"column":27},"end":{"line":1,"column":27}},"loc":{"start":{"line":1,"column":27},"end":{"line":1,"column":27}},"line":1}},"f":{"0":0}}
,"/home/pepodev/projects/pepodev/number-guessing/.svelte-kit/generated/client/nodes/0.js": {"path":"/home/pepodev/projects/pepodev/number-guessing/.svelte-kit/generated/client/nodes/0.js","all":true,"statementMap":{"0":{"start":{"line":1,"column":0},"end":{"line":1,"column":63}},"2":{"start":{"line":3,"column":0},"end":{"line":3,"column":77}}},"s":{"0":0,"2":0},"branchMap":{"0":{"type":"branch","line":1,"loc":{"start":{"line":1,"column":163},"end":{"line":3,"column":77}},"locations":[{"start":{"line":1,"column":163},"end":{"line":3,"column":77}}]}},"b":{"0":[0]},"fnMap":{"0":{"name":"(empty-report)","decl":{"start":{"line":1,"column":163},"end":{"line":3,"column":77}},"loc":{"start":{"line":1,"column":163},"end":{"line":3,"column":77}},"line":1}},"f":{"0":0}}
,"/home/pepodev/projects/pepodev/number-guessing/.svelte-kit/generated/client/nodes/1.js": {"path":"/home/pepodev/projects/pepodev/number-guessing/.svelte-kit/generated/client/nodes/1.js","all":true,"statementMap":{"0":{"start":{"line":1,"column":0},"end":{"line":1,"column":263}}},"s":{"0":0},"branchMap":{"0":{"type":"branch","line":1,"loc":{"start":{"line":1,"column":263},"end":{"line":1,"column":263}},"locations":[{"start":{"line":1,"column":263},"end":{"line":1,"column":263}}]}},"b":{"0":[0]},"fnMap":{"0":{"name":"(empty-report)","decl":{"start":{"line":1,"column":263},"end":{"line":1,"column":263}},"loc":{"start":{"line":1,"column":263},"end":{"line":1,"column":263}},"line":1}},"f":{"0":0}}
,"/home/pepodev/projects/pepodev/number-guessing/.svelte-kit/generated/client/nodes/2.js": {"path":"/home/pepodev/projects/pepodev/number-guessing/.svelte-kit/generated/client/nodes/2.js","all":true,"statementMap":{"0":{"start":{"line":1,"column":0},"end":{"line":1,"column":75}}},"s":{"0":0},"branchMap":{"0":{"type":"branch","line":1,"loc":{"start":{"line":1,"column":75},"end":{"line":1,"column":75}},"locations":[{"start":{"line":1,"column":75},"end":{"line":1,"column":75}}]}},"b":{"0":[0]},"fnMap":{"0":{"name":"(empty-report)","decl":{"start":{"line":1,"column":75},"end":{"line":1,"column":75}},"loc":{"start":{"line":1,"column":75},"end":{"line":1,"column":75}},"line":1}},"f":{"0":0}}
,"/home/pepodev/projects/pepodev/number-guessing/.svelte-kit/generated/server/internal.js": {"path":"/home/pepodev/projects/pepodev/number-guessing/.svelte-kit/generated/server/internal.js","all":true,"statementMap":{"1":{"start":{"line":2,"column":0},"end":{"line":2,"column":30}},"2":{"start":{"line":3,"column":0},"end":{"line":3,"column":73}},"3":{"start":{"line":4,"column":0},"end":{"line":4,"column":56}},"4":{"start":{"line":5,"column":0},"end":{"line":5,"column":75}},"5":{"start":{"line":6,"column":0},"end":{"line":6,"column":255}},"7":{"start":{"line":8,"column":0},"end":{"line":8,"column":24}},"8":{"start":{"line":9,"column":0},"end":{"line":9,"column":36}},"9":{"start":{"line":10,"column":0},"end":{"line":10,"column":14}},"10":{"start":{"line":11,"column":0},"end":{"line":11,"column":184}},"11":{"start":{"line":12,"column":0},"end":{"line":12,"column":25}},"12":{"start":{"line":13,"column":0},"end":{"line":13,"column":26}},"13":{"start":{"line":14,"column":0},"end":{"line":14,"column":17}},"14":{"start":{"line":15,"column":0},"end":{"line":15,"column":30}},"15":{"start":{"line":16,"column":0},"end":{"line":16,"column":24}},"16":{"start":{"line":17,"column":0},"end":{"line":17,"column":21}},"17":{"start":{"line":18,"column":0},"end":{"line":18,"column":46}},"18":{"start":{"line":19,"column":0},"end":{"line":19,"column":35}},"19":{"start":{"line":20,"column":0},"end":{"line":20,"column":6}},"20":{"start":{"line":21,"column":0},"end":{"line":21,"column":23}},"21":{"start":{"line":22,"column":0},"end":{"line":22,"column":35}},"22":{"start":{"line":23,"column":0},"end":{"line":23,"column":13}},"23":{"start":{"line":24,"column":0},"end":{"line":24,"column":363}},"24":{"start":{"line":25,"column":0},"end":{"line":25,"column":1725}},"25":{"start":{"line":26,"column":0},"end":{"line":26,"column":3}},"26":{"start":{"line":27,"column":0},"end":{"line":27,"column":24}},"27":{"start":{"line":28,"column":0},"end":{"line":28,"column":2}},"29":{"start":{"line":30,"column":0},"end":{"line":30,"column":35}},"30":{"start":{"line":31,"column":0},"end":{"line":31,"column":12}},"31":{"start":{"line":32,"column":0},"end":{"line":32,"column":17}},"32":{"start":{"line":33,"column":0},"end":{"line":33,"column":17}},"33":{"start":{"line":34,"column":0},"end":{"line":34,"column":27}},"34":{"start":{"line":35,"column":0},"end":{"line":35,"column":10}},"35":{"start":{"line":36,"column":0},"end":{"line":36,"column":1}},"37":{"start":{"line":38,"column":0},"end":{"line":38,"column":13}},"38":{"start":{"line":39,"column":0},"end":{"line":39,"column":15}},"39":{"start":{"line":40,"column":0},"end":{"line":40,"column":1}},"41":{"start":{"line":42,"column":0},"end":{"line":42,"column":9}},"42":{"start":{"line":43,"column":0},"end":{"line":43,"column":9}},"43":{"start":{"line":44,"column":0},"end":{"line":44,"column":14}},"44":{"start":{"line":45,"column":0},"end":{"line":45,"column":14}},"45":{"start":{"line":46,"column":0},"end":{"line":46,"column":24}},"46":{"start":{"line":47,"column":0},"end":{"line":47,"column":7}},"47":{"start":{"line":48,"column":0},"end":{"line":48,"column":10}},"48":{"start":{"line":49,"column":0},"end":{"line":49,"column":11}},"49":{"start":{"line":50,"column":0},"end":{"line":50,"column":3}},"50":{"start":{"line":51,"column":0},"end":{"line":51,"column":1}}},"s":{"1":0,"2":0,"3":0,"4":0,"5":0,"7":0,"8":0,"9":0,"10":0,"11":0,"12":0,"13":0,"14":0,"15":0,"16":0,"17":0,"18":0,"19":0,"20":0,"21":0,"22":0,"23":0,"24":0,"25":0,"26":0,"27":0,"29":0,"30":0,"31":0,"32":0,"33":0,"34":0,"35":0,"37":0,"38":0,"39":0,"41":0,"42":0,"43":0,"44":0,"45":0,"46":0,"47":0,"48":0,"49":0,"50":0},"branchMap":{"0":{"type":"branch","line":1,"loc":{"start":{"line":1,"column":3593},"end":{"line":53,"column":126}},"locations":[{"start":{"line":1,"column":3593},"end":{"line":53,"column":126}}]}},"b":{"0":[1]},"fnMap":{"0":{"name":"(empty-report)","decl":{"start":{"line":1,"column":3593},"end":{"line":53,"column":126}},"loc":{"start":{"line":1,"column":3593},"end":{"line":53,"column":126}},"line":1}},"f":{"0":1}}
,"/home/pepodev/projects/pepodev/number-guessing/e2e/multiplayer.spec.ts": {"path":"/home/pepodev/projects/pepodev/number-guessing/e2e/multiplayer.spec.ts","all":true,"statementMap":{"0":{"start":{"line":1,"column":0},"end":{"line":1,"column":48}},"2":{"start":{"line":3,"column":0},"end":{"line":3,"column":41}},"3":{"start":{"line":4,"column":0},"end":{"line":4,"column":39}},"4":{"start":{"line":5,"column":0},"end":{"line":5,"column":25}},"6":{"start":{"line":7,"column":0},"end":{"line":7,"column":54}},"7":{"start":{"line":8,"column":0},"end":{"line":8,"column":57}},"8":{"start":{"line":9,"column":0},"end":{"line":9,"column":56}},"9":{"start":{"line":10,"column":0},"end":{"line":10,"column":49}},"10":{"start":{"line":11,"column":0},"end":{"line":11,"column":5}},"12":{"start":{"line":13,"column":0},"end":{"line":13,"column":58}},"13":{"start":{"line":14,"column":0},"end":{"line":14,"column":66}},"14":{"start":{"line":15,"column":0},"end":{"line":15,"column":17}},"15":{"start":{"line":16,"column":0},"end":{"line":16,"column":62}},"16":{"start":{"line":17,"column":0},"end":{"line":17,"column":20}},"17":{"start":{"line":18,"column":0},"end":{"line":18,"column":5}},"19":{"start":{"line":20,"column":0},"end":{"line":20,"column":69}},"20":{"start":{"line":21,"column":0},"end":{"line":21,"column":80}},"21":{"start":{"line":22,"column":0},"end":{"line":22,"column":5}},"23":{"start":{"line":24,"column":0},"end":{"line":24,"column":72}},"24":{"start":{"line":25,"column":0},"end":{"line":25,"column":17}},"25":{"start":{"line":26,"column":0},"end":{"line":26,"column":58}},"26":{"start":{"line":27,"column":0},"end":{"line":27,"column":20}},"27":{"start":{"line":28,"column":0},"end":{"line":28,"column":17}},"28":{"start":{"line":29,"column":0},"end":{"line":29,"column":67}},"29":{"start":{"line":30,"column":0},"end":{"line":30,"column":20}},"30":{"start":{"line":31,"column":0},"end":{"line":31,"column":5}},"32":{"start":{"line":33,"column":0},"end":{"line":33,"column":55}},"33":{"start":{"line":34,"column":0},"end":{"line":34,"column":17}},"34":{"start":{"line":35,"column":0},"end":{"line":35,"column":56}},"35":{"start":{"line":36,"column":0},"end":{"line":36,"column":20}},"36":{"start":{"line":37,"column":0},"end":{"line":37,"column":5}},"38":{"start":{"line":39,"column":0},"end":{"line":39,"column":76}},"39":{"start":{"line":40,"column":0},"end":{"line":40,"column":75}},"40":{"start":{"line":41,"column":0},"end":{"line":41,"column":37}},"41":{"start":{"line":42,"column":0},"end":{"line":42,"column":53}},"42":{"start":{"line":43,"column":0},"end":{"line":43,"column":6}},"44":{"start":{"line":45,"column":0},"end":{"line":45,"column":34}},"45":{"start":{"line":46,"column":0},"end":{"line":46,"column":34}},"47":{"start":{"line":48,"column":0},"end":{"line":48,"column":49}},"48":{"start":{"line":49,"column":0},"end":{"line":49,"column":49}},"49":{"start":{"line":50,"column":0},"end":{"line":50,"column":5}},"51":{"start":{"line":52,"column":0},"end":{"line":52,"column":71}},"52":{"start":{"line":53,"column":0},"end":{"line":53,"column":69}},"53":{"start":{"line":54,"column":0},"end":{"line":54,"column":76}},"54":{"start":{"line":55,"column":0},"end":{"line":55,"column":59}},"56":{"start":{"line":57,"column":0},"end":{"line":57,"column":80}},"57":{"start":{"line":58,"column":0},"end":{"line":58,"column":5}},"59":{"start":{"line":60,"column":0},"end":{"line":60,"column":66}},"60":{"start":{"line":61,"column":0},"end":{"line":61,"column":69}},"61":{"start":{"line":62,"column":0},"end":{"line":62,"column":76}},"62":{"start":{"line":63,"column":0},"end":{"line":63,"column":79}},"64":{"start":{"line":65,"column":0},"end":{"line":65,"column":80}},"65":{"start":{"line":66,"column":0},"end":{"line":66,"column":5}},"67":{"start":{"line":68,"column":0},"end":{"line":68,"column":72}},"68":{"start":{"line":69,"column":0},"end":{"line":69,"column":76}},"69":{"start":{"line":70,"column":0},"end":{"line":70,"column":59}},"71":{"start":{"line":72,"column":0},"end":{"line":72,"column":80}},"72":{"start":{"line":73,"column":0},"end":{"line":73,"column":5}},"74":{"start":{"line":75,"column":0},"end":{"line":75,"column":78}},"75":{"start":{"line":76,"column":0},"end":{"line":76,"column":9}},"76":{"start":{"line":77,"column":0},"end":{"line":77,"column":9}},"78":{"start":{"line":79,"column":0},"end":{"line":79,"column":69}},"79":{"start":{"line":80,"column":0},"end":{"line":80,"column":76}},"80":{"start":{"line":81,"column":0},"end":{"line":81,"column":59}},"83":{"start":{"line":84,"column":0},"end":{"line":84,"column":67}},"84":{"start":{"line":85,"column":0},"end":{"line":85,"column":76}},"85":{"start":{"line":86,"column":0},"end":{"line":86,"column":59}},"87":{"start":{"line":88,"column":0},"end":{"line":88,"column":68}},"88":{"start":{"line":89,"column":0},"end":{"line":89,"column":5}},"90":{"start":{"line":91,"column":0},"end":{"line":91,"column":75}},"91":{"start":{"line":92,"column":0},"end":{"line":92,"column":9}},"92":{"start":{"line":93,"column":0},"end":{"line":93,"column":9}},"93":{"start":{"line":94,"column":0},"end":{"line":94,"column":69}},"94":{"start":{"line":95,"column":0},"end":{"line":95,"column":75}},"95":{"start":{"line":96,"column":0},"end":{"line":96,"column":59}},"98":{"start":{"line":99,"column":0},"end":{"line":99,"column":80}},"99":{"start":{"line":100,"column":0},"end":{"line":100,"column":5}},"100":{"start":{"line":101,"column":0},"end":{"line":101,"column":3}},"102":{"start":{"line":103,"column":0},"end":{"line":103,"column":58}},"103":{"start":{"line":104,"column":0},"end":{"line":104,"column":39}},"104":{"start":{"line":105,"column":0},"end":{"line":105,"column":25}},"105":{"start":{"line":106,"column":0},"end":{"line":106,"column":54}},"106":{"start":{"line":107,"column":0},"end":{"line":107,"column":57}},"107":{"start":{"line":108,"column":0},"end":{"line":108,"column":56}},"108":{"start":{"line":109,"column":0},"end":{"line":109,"column":49}},"111":{"start":{"line":112,"column":0},"end":{"line":112,"column":69}},"112":{"start":{"line":113,"column":0},"end":{"line":113,"column":76}},"113":{"start":{"line":114,"column":0},"end":{"line":114,"column":59}},"115":{"start":{"line":116,"column":0},"end":{"line":116,"column":67}},"116":{"start":{"line":117,"column":0},"end":{"line":117,"column":76}},"117":{"start":{"line":118,"column":0},"end":{"line":118,"column":59}},"118":{"start":{"line":119,"column":0},"end":{"line":119,"column":5}},"120":{"start":{"line":121,"column":0},"end":{"line":121,"column":64}},"121":{"start":{"line":122,"column":0},"end":{"line":122,"column":68}},"122":{"start":{"line":123,"column":0},"end":{"line":123,"column":5}},"124":{"start":{"line":125,"column":0},"end":{"line":125,"column":59}},"125":{"start":{"line":126,"column":0},"end":{"line":126,"column":77}},"126":{"start":{"line":127,"column":0},"end":{"line":127,"column":5}},"128":{"start":{"line":129,"column":0},"end":{"line":129,"column":59}},"129":{"start":{"line":130,"column":0},"end":{"line":130,"column":59}},"130":{"start":{"line":131,"column":0},"end":{"line":131,"column":57}},"131":{"start":{"line":132,"column":0},"end":{"line":132,"column":5}},"133":{"start":{"line":134,"column":0},"end":{"line":134,"column":62}},"134":{"start":{"line":135,"column":0},"end":{"line":135,"column":77}},"135":{"start":{"line":136,"column":0},"end":{"line":136,"column":59}},"136":{"start":{"line":137,"column":0},"end":{"line":137,"column":5}},"138":{"start":{"line":139,"column":0},"end":{"line":139,"column":66}},"139":{"start":{"line":140,"column":0},"end":{"line":140,"column":69}},"140":{"start":{"line":141,"column":0},"end":{"line":141,"column":64}},"141":{"start":{"line":142,"column":0},"end":{"line":142,"column":5}},"143":{"start":{"line":144,"column":0},"end":{"line":144,"column":68}},"144":{"start":{"line":145,"column":0},"end":{"line":145,"column":56}},"145":{"start":{"line":146,"column":0},"end":{"line":146,"column":69}},"148":{"start":{"line":149,"column":0},"end":{"line":149,"column":43}},"149":{"start":{"line":150,"column":0},"end":{"line":150,"column":37}},"150":{"start":{"line":151,"column":0},"end":{"line":151,"column":5}},"152":{"start":{"line":153,"column":0},"end":{"line":153,"column":73}},"153":{"start":{"line":154,"column":0},"end":{"line":154,"column":17}},"154":{"start":{"line":155,"column":0},"end":{"line":155,"column":54}},"155":{"start":{"line":156,"column":0},"end":{"line":156,"column":20}},"156":{"start":{"line":157,"column":0},"end":{"line":157,"column":80}},"157":{"start":{"line":158,"column":0},"end":{"line":158,"column":5}},"159":{"start":{"line":160,"column":0},"end":{"line":160,"column":59}},"160":{"start":{"line":161,"column":0},"end":{"line":161,"column":63}},"161":{"start":{"line":162,"column":0},"end":{"line":162,"column":56}},"164":{"start":{"line":165,"column":0},"end":{"line":165,"column":66}},"165":{"start":{"line":166,"column":0},"end":{"line":166,"column":5}},"167":{"start":{"line":168,"column":0},"end":{"line":168,"column":66}},"168":{"start":{"line":169,"column":0},"end":{"line":169,"column":63}},"169":{"start":{"line":170,"column":0},"end":{"line":170,"column":66}},"171":{"start":{"line":172,"column":0},"end":{"line":172,"column":66}},"172":{"start":{"line":173,"column":0},"end":{"line":173,"column":5}},"174":{"start":{"line":175,"column":0},"end":{"line":175,"column":72}},"175":{"start":{"line":176,"column":0},"end":{"line":176,"column":63}},"176":{"start":{"line":177,"column":0},"end":{"line":177,"column":56}},"179":{"start":{"line":180,"column":0},"end":{"line":180,"column":70}},"180":{"start":{"line":181,"column":0},"end":{"line":181,"column":5}},"182":{"start":{"line":183,"column":0},"end":{"line":183,"column":75}},"183":{"start":{"line":184,"column":0},"end":{"line":184,"column":9}},"184":{"start":{"line":185,"column":0},"end":{"line":185,"column":9}},"185":{"start":{"line":186,"column":0},"end":{"line":186,"column":63}},"186":{"start":{"line":187,"column":0},"end":{"line":187,"column":56}},"189":{"start":{"line":190,"column":0},"end":{"line":190,"column":62}},"190":{"start":{"line":191,"column":0},"end":{"line":191,"column":5}},"192":{"start":{"line":193,"column":0},"end":{"line":193,"column":71}},"193":{"start":{"line":194,"column":0},"end":{"line":194,"column":9}},"194":{"start":{"line":195,"column":0},"end":{"line":195,"column":9}},"195":{"start":{"line":196,"column":0},"end":{"line":196,"column":63}},"196":{"start":{"line":197,"column":0},"end":{"line":197,"column":56}},"199":{"start":{"line":200,"column":0},"end":{"line":200,"column":73}},"200":{"start":{"line":201,"column":0},"end":{"line":201,"column":51}},"201":{"start":{"line":202,"column":0},"end":{"line":202,"column":5}},"203":{"start":{"line":204,"column":0},"end":{"line":204,"column":76}},"204":{"start":{"line":205,"column":0},"end":{"line":205,"column":63}},"205":{"start":{"line":206,"column":0},"end":{"line":206,"column":56}},"207":{"start":{"line":208,"column":0},"end":{"line":208,"column":64}},"208":{"start":{"line":209,"column":0},"end":{"line":209,"column":67}},"209":{"start":{"line":210,"column":0},"end":{"line":210,"column":5}},"211":{"start":{"line":212,"column":0},"end":{"line":212,"column":72}},"213":{"start":{"line":214,"column":0},"end":{"line":214,"column":63}},"214":{"start":{"line":215,"column":0},"end":{"line":215,"column":56}},"217":{"start":{"line":218,"column":0},"end":{"line":218,"column":63}},"218":{"start":{"line":219,"column":0},"end":{"line":219,"column":56}},"221":{"start":{"line":222,"column":0},"end":{"line":222,"column":63}},"222":{"start":{"line":223,"column":0},"end":{"line":223,"column":56}},"225":{"start":{"line":226,"column":0},"end":{"line":226,"column":73}},"226":{"start":{"line":227,"column":0},"end":{"line":227,"column":69}},"227":{"start":{"line":228,"column":0},"end":{"line":228,"column":69}},"228":{"start":{"line":229,"column":0},"end":{"line":229,"column":5}},"230":{"start":{"line":231,"column":0},"end":{"line":231,"column":62}},"231":{"start":{"line":232,"column":0},"end":{"line":232,"column":67}},"232":{"start":{"line":233,"column":0},"end":{"line":233,"column":28}},"233":{"start":{"line":234,"column":0},"end":{"line":234,"column":56}},"235":{"start":{"line":236,"column":0},"end":{"line":236,"column":40}},"236":{"start":{"line":237,"column":0},"end":{"line":237,"column":5}},"238":{"start":{"line":239,"column":0},"end":{"line":239,"column":75}},"239":{"start":{"line":240,"column":0},"end":{"line":240,"column":62}},"240":{"start":{"line":241,"column":0},"end":{"line":241,"column":56}},"242":{"start":{"line":243,"column":0},"end":{"line":243,"column":66}},"243":{"start":{"line":244,"column":0},"end":{"line":244,"column":5}},"244":{"start":{"line":245,"column":0},"end":{"line":245,"column":3}},"246":{"start":{"line":247,"column":0},"end":{"line":247,"column":57}},"247":{"start":{"line":248,"column":0},"end":{"line":248,"column":39}},"248":{"start":{"line":249,"column":0},"end":{"line":249,"column":25}},"249":{"start":{"line":250,"column":0},"end":{"line":250,"column":54}},"250":{"start":{"line":251,"column":0},"end":{"line":251,"column":57}},"251":{"start":{"line":252,"column":0},"end":{"line":252,"column":56}},"252":{"start":{"line":253,"column":0},"end":{"line":253,"column":49}},"253":{"start":{"line":254,"column":0},"end":{"line":254,"column":5}},"255":{"start":{"line":256,"column":0},"end":{"line":256,"column":58}},"257":{"start":{"line":258,"column":0},"end":{"line":258,"column":69}},"258":{"start":{"line":259,"column":0},"end":{"line":259,"column":76}},"259":{"start":{"line":260,"column":0},"end":{"line":260,"column":59}},"262":{"start":{"line":263,"column":0},"end":{"line":263,"column":67}},"263":{"start":{"line":264,"column":0},"end":{"line":264,"column":76}},"264":{"start":{"line":265,"column":0},"end":{"line":265,"column":59}},"267":{"start":{"line":268,"column":0},"end":{"line":268,"column":71}},"268":{"start":{"line":269,"column":0},"end":{"line":269,"column":76}},"269":{"start":{"line":270,"column":0},"end":{"line":270,"column":59}},"271":{"start":{"line":272,"column":0},"end":{"line":272,"column":68}},"272":{"start":{"line":273,"column":0},"end":{"line":273,"column":59}},"273":{"start":{"line":274,"column":0},"end":{"line":274,"column":57}},"274":{"start":{"line":275,"column":0},"end":{"line":275,"column":61}},"275":{"start":{"line":276,"column":0},"end":{"line":276,"column":5}},"277":{"start":{"line":278,"column":0},"end":{"line":278,"column":71}},"279":{"start":{"line":280,"column":0},"end":{"line":280,"column":69}},"280":{"start":{"line":281,"column":0},"end":{"line":281,"column":76}},"281":{"start":{"line":282,"column":0},"end":{"line":282,"column":59}},"283":{"start":{"line":284,"column":0},"end":{"line":284,"column":67}},"284":{"start":{"line":285,"column":0},"end":{"line":285,"column":76}},"285":{"start":{"line":286,"column":0},"end":{"line":286,"column":59}},"287":{"start":{"line":288,"column":0},"end":{"line":288,"column":71}},"288":{"start":{"line":289,"column":0},"end":{"line":289,"column":76}},"289":{"start":{"line":290,"column":0},"end":{"line":290,"column":59}},"292":{"start":{"line":293,"column":0},"end":{"line":293,"column":77}},"293":{"start":{"line":294,"column":0},"end":{"line":294,"column":63}},"294":{"start":{"line":295,"column":0},"end":{"line":295,"column":56}},"297":{"start":{"line":298,"column":0},"end":{"line":298,"column":75}},"298":{"start":{"line":299,"column":0},"end":{"line":299,"column":63}},"299":{"start":{"line":300,"column":0},"end":{"line":300,"column":56}},"302":{"start":{"line":303,"column":0},"end":{"line":303,"column":79}},"303":{"start":{"line":304,"column":0},"end":{"line":304,"column":5}},"305":{"start":{"line":306,"column":0},"end":{"line":306,"column":72}},"306":{"start":{"line":307,"column":0},"end":{"line":307,"column":9}},"307":{"start":{"line":308,"column":0},"end":{"line":308,"column":9}},"309":{"start":{"line":310,"column":0},"end":{"line":310,"column":69}},"310":{"start":{"line":311,"column":0},"end":{"line":311,"column":76}},"311":{"start":{"line":312,"column":0},"end":{"line":312,"column":59}},"313":{"start":{"line":314,"column":0},"end":{"line":314,"column":67}},"314":{"start":{"line":315,"column":0},"end":{"line":315,"column":76}},"315":{"start":{"line":316,"column":0},"end":{"line":316,"column":59}},"317":{"start":{"line":318,"column":0},"end":{"line":318,"column":71}},"318":{"start":{"line":319,"column":0},"end":{"line":319,"column":76}},"319":{"start":{"line":320,"column":0},"end":{"line":320,"column":59}},"322":{"start":{"line":323,"column":0},"end":{"line":323,"column":64}},"323":{"start":{"line":324,"column":0},"end":{"line":324,"column":63}},"324":{"start":{"line":325,"column":0},"end":{"line":325,"column":56}},"327":{"start":{"line":328,"column":0},"end":{"line":328,"column":68}},"330":{"start":{"line":331,"column":0},"end":{"line":331,"column":35}},"333":{"start":{"line":334,"column":0},"end":{"line":334,"column":68}},"334":{"start":{"line":335,"column":0},"end":{"line":335,"column":63}},"335":{"start":{"line":336,"column":0},"end":{"line":336,"column":56}},"338":{"start":{"line":339,"column":0},"end":{"line":339,"column":64}},"339":{"start":{"line":340,"column":0},"end":{"line":340,"column":5}},"340":{"start":{"line":341,"column":0},"end":{"line":341,"column":3}},"342":{"start":{"line":343,"column":0},"end":{"line":343,"column":56}},"343":{"start":{"line":344,"column":0},"end":{"line":344,"column":71}},"344":{"start":{"line":345,"column":0},"end":{"line":345,"column":25}},"345":{"start":{"line":346,"column":0},"end":{"line":346,"column":54}},"346":{"start":{"line":347,"column":0},"end":{"line":347,"column":57}},"347":{"start":{"line":348,"column":0},"end":{"line":348,"column":56}},"348":{"start":{"line":349,"column":0},"end":{"line":349,"column":49}},"351":{"start":{"line":352,"column":0},"end":{"line":352,"column":21}},"352":{"start":{"line":353,"column":0},"end":{"line":353,"column":39}},"353":{"start":{"line":354,"column":0},"end":{"line":354,"column":37}},"354":{"start":{"line":355,"column":0},"end":{"line":355,"column":41}},"355":{"start":{"line":356,"column":0},"end":{"line":356,"column":39}},"356":{"start":{"line":357,"column":0},"end":{"line":357,"column":6}},"358":{"start":{"line":359,"column":0},"end":{"line":359,"column":35}},"359":{"start":{"line":360,"column":0},"end":{"line":360,"column":75}},"360":{"start":{"line":361,"column":0},"end":{"line":361,"column":22}},"361":{"start":{"line":362,"column":0},"end":{"line":362,"column":56}},"362":{"start":{"line":363,"column":0},"end":{"line":363,"column":21}},"363":{"start":{"line":364,"column":0},"end":{"line":364,"column":8}},"364":{"start":{"line":365,"column":0},"end":{"line":365,"column":61}},"365":{"start":{"line":366,"column":0},"end":{"line":366,"column":5}},"368":{"start":{"line":369,"column":0},"end":{"line":369,"column":68}},"371":{"start":{"line":372,"column":0},"end":{"line":372,"column":35}},"372":{"start":{"line":373,"column":0},"end":{"line":373,"column":70}},"373":{"start":{"line":374,"column":0},"end":{"line":374,"column":5}},"374":{"start":{"line":375,"column":0},"end":{"line":375,"column":5}},"375":{"start":{"line":376,"column":0},"end":{"line":376,"column":3}},"377":{"start":{"line":378,"column":0},"end":{"line":378,"column":52}},"378":{"start":{"line":379,"column":0},"end":{"line":379,"column":63}},"379":{"start":{"line":380,"column":0},"end":{"line":380,"column":25}},"380":{"start":{"line":381,"column":0},"end":{"line":381,"column":54}},"381":{"start":{"line":382,"column":0},"end":{"line":382,"column":57}},"382":{"start":{"line":383,"column":0},"end":{"line":383,"column":49}},"385":{"start":{"line":386,"column":0},"end":{"line":386,"column":69}},"386":{"start":{"line":387,"column":0},"end":{"line":387,"column":76}},"387":{"start":{"line":388,"column":0},"end":{"line":388,"column":59}},"389":{"start":{"line":390,"column":0},"end":{"line":390,"column":67}},"390":{"start":{"line":391,"column":0},"end":{"line":391,"column":76}},"391":{"start":{"line":392,"column":0},"end":{"line":392,"column":59}},"394":{"start":{"line":395,"column":0},"end":{"line":395,"column":63}},"395":{"start":{"line":396,"column":0},"end":{"line":396,"column":56}},"398":{"start":{"line":399,"column":0},"end":{"line":399,"column":52}},"401":{"start":{"line":402,"column":0},"end":{"line":402,"column":66}},"402":{"start":{"line":403,"column":0},"end":{"line":403,"column":80}},"403":{"start":{"line":404,"column":0},"end":{"line":404,"column":5}},"404":{"start":{"line":405,"column":0},"end":{"line":405,"column":3}}},"s":{"0":0,"2":0,"3":0,"4":0,"6":0,"7":0,"8":0,"9":0,"10":0,"12":0,"13":0,"14":0,"15":0,"16":0,"17":0,"19":0,"20":0,"21":0,"23":0,"24":0,"25":0,"26":0,"27":0,"28":0,"29":0,"30":0,"32":0,"33":0,"34":0,"35":0,"36":0,"38":0,"39":0,"40":0,"41":0,"42":0,"44":0,"45":0,"47":0,"48":0,"49":0,"51":0,"52":0,"53":0,"54":0,"56":0,"57":0,"59":0,"60":0,"61":0,"62":0,"64":0,"65":0,"67":0,"68":0,"69":0,"71":0,"72":0,"74":0,"75":0,"76":0,"78":0,"79":0,"80":0,"83":0,"84":0,"85":0,"87":0,"88":0,"90":0,"91":0,"92":0,"93":0,"94":0,"95":0,"98":0,"99":0,"100":0,"102":0,"103":0,"104":0,"105":0,"106":0,"107":0,"108":0,"111":0,"112":0,"113":0,"115":0,"116":0,"117":0,"118":0,"120":0,"121":0,"122":0,"124":0,"125":0,"126":0,"128":0,"129":0,"130":0,"131":0,"133":0,"134":0,"135":0,"136":0,"138":0,"139":0,"140":0,"141":0,"143":0,"144":0,"145":0,"148":0,"149":0,"150":0,"152":0,"153":0,"154":0,"155":0,"156":0,"157":0,"159":0,"160":0,"161":0,"164":0,"165":0,"167":0,"168":0,"169":0,"171":0,"172":0,"174":0,"175":0,"176":0,"179":0,"180":0,"182":0,"183":0,"184":0,"185":0,"186":0,"189":0,"190":0,"192":0,"193":0,"194":0,"195":0,"196":0,"199":0,"200":0,"201":0,"203":0,"204":0,"205":0,"207":0,"208":0,"209":0,"211":0,"213":0,"214":0,"217":0,"218":0,"221":0,"222":0,"225":0,"226":0,"227":0,"228":0,"230":0,"231":0,"232":0,"233":0,"235":0,"236":0,"238":0,"239":0,"240":0,"242":0,"243":0,"244":0,"246":0,"247":0,"248":0,"249":0,"250":0,"251":0,"252":0,"253":0,"255":0,"257":0,"258":0,"259":0,"262":0,"263":0,"264":0,"267":0,"268":0,"269":0,"271":0,"272":0,"273":0,"274":0,"275":0,"277":0,"279":0,"280":0,"281":0,"283":0,"284":0,"285":0,"287":0,"288":0,"289":0,"292":0,"293":0,"294":0,"297":0,"298":0,"299":0,"302":0,"303":0,"305":0,"306":0,"307":0,"309":0,"310":0,"311":0,"313":0,"314":0,"315":0,"317":0,"318":0,"319":0,"322":0,"323":0,"324":0,"327":0,"330":0,"333":0,"334":0,"335":0,"338":0,"339":0,"340":0,"342":0,"343":0,"344":0,"345":0,"346":0,"347":0,"348":0,"351":0,"352":0,"353":0,"354":0,"355":0,"356":0,"358":0,"359":0,"360":0,"361":0,"362":0,"363":0,"364":0,"365":0,"368":0,"371":0,"372":0,"373":0,"374":0,"375":0,"377":0,"378":0,"379":0,"380":0,"381":0,"382":0,"385":0,"386":0,"387":0,"389":0,"390":0,"391":0,"394":0,"395":0,"398":0,"401":0,"402":0,"403":0,"404":0},"branchMap":{"0":{"type":"branch","line":1,"loc":{"start":{"line":1,"column":0},"end":{"line":405,"column":-1106}},"locations":[{"start":{"line":1,"column":0},"end":{"line":405,"column":-1106}}]}},"b":{"0":[0]},"fnMap":{"0":{"name":"(empty-report)","decl":{"start":{"line":1,"column":0},"end":{"line":405,"column":-1106}},"loc":{"start":{"line":1,"column":0},"end":{"line":405,"column":-1106}},"line":1}},"f":{"0":0}}
,"/home/pepodev/projects/pepodev/number-guessing/e2e/single-player.spec.ts": {"path":"/home/pepodev/projects/pepodev/number-guessing/e2e/single-player.spec.ts","all":true,"statementMap":{"0":{"start":{"line":1,"column":0},"end":{"line":1,"column":48}},"2":{"start":{"line":3,"column":0},"end":{"line":3,"column":43}},"3":{"start":{"line":4,"column":0},"end":{"line":4,"column":39}},"4":{"start":{"line":5,"column":0},"end":{"line":5,"column":25}},"6":{"start":{"line":7,"column":0},"end":{"line":7,"column":54}},"7":{"start":{"line":8,"column":0},"end":{"line":8,"column":58}},"8":{"start":{"line":9,"column":0},"end":{"line":9,"column":49}},"9":{"start":{"line":10,"column":0},"end":{"line":10,"column":5}},"11":{"start":{"line":12,"column":0},"end":{"line":12,"column":74}},"12":{"start":{"line":13,"column":0},"end":{"line":13,"column":75}},"13":{"start":{"line":14,"column":0},"end":{"line":14,"column":66}},"14":{"start":{"line":15,"column":0},"end":{"line":15,"column":5}},"16":{"start":{"line":17,"column":0},"end":{"line":17,"column":78}},"17":{"start":{"line":18,"column":0},"end":{"line":18,"column":73}},"18":{"start":{"line":19,"column":0},"end":{"line":19,"column":79}},"19":{"start":{"line":20,"column":0},"end":{"line":20,"column":5}},"21":{"start":{"line":22,"column":0},"end":{"line":22,"column":73}},"22":{"start":{"line":23,"column":0},"end":{"line":23,"column":17}},"23":{"start":{"line":24,"column":0},"end":{"line":24,"column":55}},"24":{"start":{"line":25,"column":0},"end":{"line":25,"column":20}},"25":{"start":{"line":26,"column":0},"end":{"line":26,"column":80}},"26":{"start":{"line":27,"column":0},"end":{"line":27,"column":5}},"28":{"start":{"line":29,"column":0},"end":{"line":29,"column":61}},"29":{"start":{"line":30,"column":0},"end":{"line":30,"column":68}},"30":{"start":{"line":31,"column":0},"end":{"line":31,"column":28}},"31":{"start":{"line":32,"column":0},"end":{"line":32,"column":43}},"32":{"start":{"line":33,"column":0},"end":{"line":33,"column":5}},"34":{"start":{"line":35,"column":0},"end":{"line":35,"column":69}},"35":{"start":{"line":36,"column":0},"end":{"line":36,"column":68}},"36":{"start":{"line":37,"column":0},"end":{"line":37,"column":28}},"37":{"start":{"line":38,"column":0},"end":{"line":38,"column":56}},"40":{"start":{"line":41,"column":0},"end":{"line":41,"column":71}},"41":{"start":{"line":42,"column":0},"end":{"line":42,"column":74}},"42":{"start":{"line":43,"column":0},"end":{"line":43,"column":5}},"44":{"start":{"line":45,"column":0},"end":{"line":45,"column":59}},"45":{"start":{"line":46,"column":0},"end":{"line":46,"column":68}},"46":{"start":{"line":47,"column":0},"end":{"line":47,"column":28}},"47":{"start":{"line":48,"column":0},"end":{"line":48,"column":56}},"49":{"start":{"line":50,"column":0},"end":{"line":50,"column":66}},"50":{"start":{"line":51,"column":0},"end":{"line":51,"column":5}},"52":{"start":{"line":53,"column":0},"end":{"line":53,"column":66}},"53":{"start":{"line":54,"column":0},"end":{"line":54,"column":68}},"54":{"start":{"line":55,"column":0},"end":{"line":55,"column":28}},"55":{"start":{"line":56,"column":0},"end":{"line":56,"column":31}},"57":{"start":{"line":58,"column":0},"end":{"line":58,"column":66}},"58":{"start":{"line":59,"column":0},"end":{"line":59,"column":5}},"60":{"start":{"line":61,"column":0},"end":{"line":61,"column":74}},"62":{"start":{"line":63,"column":0},"end":{"line":63,"column":34}},"63":{"start":{"line":64,"column":0},"end":{"line":64,"column":48}},"64":{"start":{"line":65,"column":0},"end":{"line":65,"column":21}},"65":{"start":{"line":66,"column":0},"end":{"line":66,"column":76}},"68":{"start":{"line":69,"column":0},"end":{"line":69,"column":64}},"69":{"start":{"line":70,"column":0},"end":{"line":70,"column":56}},"72":{"start":{"line":73,"column":0},"end":{"line":73,"column":30}},"73":{"start":{"line":74,"column":0},"end":{"line":74,"column":48}},"74":{"start":{"line":75,"column":0},"end":{"line":75,"column":21}},"75":{"start":{"line":76,"column":0},"end":{"line":76,"column":68}},"77":{"start":{"line":78,"column":0},"end":{"line":78,"column":50}},"78":{"start":{"line":79,"column":0},"end":{"line":79,"column":5}},"80":{"start":{"line":81,"column":0},"end":{"line":81,"column":77}},"81":{"start":{"line":82,"column":0},"end":{"line":82,"column":63}},"82":{"start":{"line":83,"column":0},"end":{"line":83,"column":56}},"84":{"start":{"line":85,"column":0},"end":{"line":85,"column":17}},"85":{"start":{"line":86,"column":0},"end":{"line":86,"column":58}},"86":{"start":{"line":87,"column":0},"end":{"line":87,"column":20}},"87":{"start":{"line":88,"column":0},"end":{"line":88,"column":5}},"89":{"start":{"line":90,"column":0},"end":{"line":90,"column":78}},"90":{"start":{"line":91,"column":0},"end":{"line":91,"column":64}},"91":{"start":{"line":92,"column":0},"end":{"line":92,"column":56}},"93":{"start":{"line":94,"column":0},"end":{"line":94,"column":17}},"94":{"start":{"line":95,"column":0},"end":{"line":95,"column":56}},"95":{"start":{"line":96,"column":0},"end":{"line":96,"column":20}},"96":{"start":{"line":97,"column":0},"end":{"line":97,"column":5}},"98":{"start":{"line":99,"column":0},"end":{"line":99,"column":77}},"99":{"start":{"line":100,"column":0},"end":{"line":100,"column":62}},"100":{"start":{"line":101,"column":0},"end":{"line":101,"column":56}},"102":{"start":{"line":103,"column":0},"end":{"line":103,"column":17}},"103":{"start":{"line":104,"column":0},"end":{"line":104,"column":61}},"104":{"start":{"line":105,"column":0},"end":{"line":105,"column":20}},"105":{"start":{"line":106,"column":0},"end":{"line":106,"column":5}},"107":{"start":{"line":108,"column":0},"end":{"line":108,"column":73}},"108":{"start":{"line":109,"column":0},"end":{"line":109,"column":68}},"109":{"start":{"line":110,"column":0},"end":{"line":110,"column":28}},"110":{"start":{"line":111,"column":0},"end":{"line":111,"column":56}},"112":{"start":{"line":113,"column":0},"end":{"line":113,"column":40}},"113":{"start":{"line":114,"column":0},"end":{"line":114,"column":5}},"115":{"start":{"line":116,"column":0},"end":{"line":116,"column":72}},"117":{"start":{"line":118,"column":0},"end":{"line":118,"column":64}},"118":{"start":{"line":119,"column":0},"end":{"line":119,"column":56}},"121":{"start":{"line":122,"column":0},"end":{"line":122,"column":64}},"122":{"start":{"line":123,"column":0},"end":{"line":123,"column":56}},"125":{"start":{"line":126,"column":0},"end":{"line":126,"column":64}},"126":{"start":{"line":127,"column":0},"end":{"line":127,"column":56}},"128":{"start":{"line":129,"column":0},"end":{"line":129,"column":62}},"129":{"start":{"line":130,"column":0},"end":{"line":130,"column":62}},"130":{"start":{"line":131,"column":0},"end":{"line":131,"column":62}},"131":{"start":{"line":132,"column":0},"end":{"line":132,"column":5}},"133":{"start":{"line":134,"column":0},"end":{"line":134,"column":70}},"135":{"start":{"line":136,"column":0},"end":{"line":136,"column":33}},"136":{"start":{"line":137,"column":0},"end":{"line":137,"column":66}},"137":{"start":{"line":138,"column":0},"end":{"line":138,"column":58}},"138":{"start":{"line":139,"column":0},"end":{"line":139,"column":5}},"141":{"start":{"line":142,"column":0},"end":{"line":142,"column":68}},"142":{"start":{"line":143,"column":0},"end":{"line":143,"column":39}},"143":{"start":{"line":144,"column":0},"end":{"line":144,"column":5}},"145":{"start":{"line":146,"column":0},"end":{"line":146,"column":72}},"146":{"start":{"line":147,"column":0},"end":{"line":147,"column":9}},"147":{"start":{"line":148,"column":0},"end":{"line":148,"column":9}},"149":{"start":{"line":150,"column":0},"end":{"line":150,"column":33}},"150":{"start":{"line":151,"column":0},"end":{"line":151,"column":66}},"151":{"start":{"line":152,"column":0},"end":{"line":152,"column":58}},"152":{"start":{"line":153,"column":0},"end":{"line":153,"column":5}},"154":{"start":{"line":155,"column":0},"end":{"line":155,"column":65}},"155":{"start":{"line":156,"column":0},"end":{"line":156,"column":79}},"156":{"start":{"line":157,"column":0},"end":{"line":157,"column":5}},"158":{"start":{"line":159,"column":0},"end":{"line":159,"column":69}},"159":{"start":{"line":160,"column":0},"end":{"line":160,"column":9}},"160":{"start":{"line":161,"column":0},"end":{"line":161,"column":9}},"162":{"start":{"line":163,"column":0},"end":{"line":163,"column":64}},"163":{"start":{"line":164,"column":0},"end":{"line":164,"column":56}},"166":{"start":{"line":167,"column":0},"end":{"line":167,"column":52}},"169":{"start":{"line":170,"column":0},"end":{"line":170,"column":66}},"170":{"start":{"line":171,"column":0},"end":{"line":171,"column":5}},"172":{"start":{"line":173,"column":0},"end":{"line":173,"column":58}},"173":{"start":{"line":174,"column":0},"end":{"line":174,"column":54}},"174":{"start":{"line":175,"column":0},"end":{"line":175,"column":67}},"175":{"start":{"line":176,"column":0},"end":{"line":176,"column":5}},"177":{"start":{"line":178,"column":0},"end":{"line":178,"column":69}},"178":{"start":{"line":179,"column":0},"end":{"line":179,"column":54}},"179":{"start":{"line":180,"column":0},"end":{"line":180,"column":55}},"180":{"start":{"line":181,"column":0},"end":{"line":181,"column":49}},"182":{"start":{"line":183,"column":0},"end":{"line":183,"column":70}},"183":{"start":{"line":184,"column":0},"end":{"line":184,"column":5}},"185":{"start":{"line":186,"column":0},"end":{"line":186,"column":70}},"186":{"start":{"line":187,"column":0},"end":{"line":187,"column":54}},"187":{"start":{"line":188,"column":0},"end":{"line":188,"column":57}},"188":{"start":{"line":189,"column":0},"end":{"line":189,"column":49}},"190":{"start":{"line":191,"column":0},"end":{"line":191,"column":77}},"191":{"start":{"line":192,"column":0},"end":{"line":192,"column":5}},"193":{"start":{"line":194,"column":0},"end":{"line":194,"column":71}},"194":{"start":{"line":195,"column":0},"end":{"line":195,"column":9}},"195":{"start":{"line":196,"column":0},"end":{"line":196,"column":9}},"197":{"start":{"line":198,"column":0},"end":{"line":198,"column":54}},"198":{"start":{"line":199,"column":0},"end":{"line":199,"column":55}},"199":{"start":{"line":200,"column":0},"end":{"line":200,"column":49}},"202":{"start":{"line":203,"column":0},"end":{"line":203,"column":68}},"203":{"start":{"line":204,"column":0},"end":{"line":204,"column":58}},"204":{"start":{"line":205,"column":0},"end":{"line":205,"column":5}},"206":{"start":{"line":207,"column":0},"end":{"line":207,"column":65}},"207":{"start":{"line":208,"column":0},"end":{"line":208,"column":68}},"208":{"start":{"line":209,"column":0},"end":{"line":209,"column":5}},"210":{"start":{"line":211,"column":0},"end":{"line":211,"column":76}},"211":{"start":{"line":212,"column":0},"end":{"line":212,"column":64}},"212":{"start":{"line":213,"column":0},"end":{"line":213,"column":56}},"215":{"start":{"line":216,"column":0},"end":{"line":216,"column":74}},"216":{"start":{"line":217,"column":0},"end":{"line":217,"column":41}},"217":{"start":{"line":218,"column":0},"end":{"line":218,"column":5}},"219":{"start":{"line":220,"column":0},"end":{"line":220,"column":71}},"221":{"start":{"line":222,"column":0},"end":{"line":222,"column":33}},"222":{"start":{"line":223,"column":0},"end":{"line":223,"column":69}},"223":{"start":{"line":224,"column":0},"end":{"line":224,"column":69}},"224":{"start":{"line":225,"column":0},"end":{"line":225,"column":37}},"225":{"start":{"line":226,"column":0},"end":{"line":226,"column":5}},"228":{"start":{"line":229,"column":0},"end":{"line":229,"column":62}},"229":{"start":{"line":230,"column":0},"end":{"line":230,"column":62}},"230":{"start":{"line":231,"column":0},"end":{"line":231,"column":62}},"231":{"start":{"line":232,"column":0},"end":{"line":232,"column":5}},"233":{"start":{"line":234,"column":0},"end":{"line":234,"column":79}},"234":{"start":{"line":235,"column":0},"end":{"line":235,"column":9}},"235":{"start":{"line":236,"column":0},"end":{"line":236,"column":9}},"237":{"start":{"line":238,"column":0},"end":{"line":238,"column":64}},"238":{"start":{"line":239,"column":0},"end":{"line":239,"column":56}},"241":{"start":{"line":242,"column":0},"end":{"line":242,"column":54}},"242":{"start":{"line":243,"column":0},"end":{"line":243,"column":49}},"245":{"start":{"line":246,"column":0},"end":{"line":246,"column":62}},"246":{"start":{"line":247,"column":0},"end":{"line":247,"column":5}},"247":{"start":{"line":248,"column":0},"end":{"line":248,"column":3}},"249":{"start":{"line":250,"column":0},"end":{"line":250,"column":70}},"250":{"start":{"line":251,"column":0},"end":{"line":251,"column":64}},"251":{"start":{"line":252,"column":0},"end":{"line":252,"column":25}},"252":{"start":{"line":253,"column":0},"end":{"line":253,"column":54}},"253":{"start":{"line":254,"column":0},"end":{"line":254,"column":58}},"254":{"start":{"line":255,"column":0},"end":{"line":255,"column":55}},"255":{"start":{"line":256,"column":0},"end":{"line":256,"column":49}},"257":{"start":{"line":258,"column":0},"end":{"line":258,"column":63}},"258":{"start":{"line":259,"column":0},"end":{"line":259,"column":56}},"260":{"start":{"line":261,"column":0},"end":{"line":261,"column":65}},"261":{"start":{"line":262,"column":0},"end":{"line":262,"column":5}},"263":{"start":{"line":264,"column":0},"end":{"line":264,"column":64}},"264":{"start":{"line":265,"column":0},"end":{"line":265,"column":25}},"265":{"start":{"line":266,"column":0},"end":{"line":266,"column":54}},"266":{"start":{"line":267,"column":0},"end":{"line":267,"column":58}},"267":{"start":{"line":268,"column":0},"end":{"line":268,"column":55}},"268":{"start":{"line":269,"column":0},"end":{"line":269,"column":49}},"270":{"start":{"line":271,"column":0},"end":{"line":271,"column":66}},"271":{"start":{"line":272,"column":0},"end":{"line":272,"column":56}},"273":{"start":{"line":274,"column":0},"end":{"line":274,"column":68}},"274":{"start":{"line":275,"column":0},"end":{"line":275,"column":5}},"276":{"start":{"line":277,"column":0},"end":{"line":277,"column":65}},"277":{"start":{"line":278,"column":0},"end":{"line":278,"column":25}},"278":{"start":{"line":279,"column":0},"end":{"line":279,"column":54}},"279":{"start":{"line":280,"column":0},"end":{"line":280,"column":58}},"280":{"start":{"line":281,"column":0},"end":{"line":281,"column":56}},"281":{"start":{"line":282,"column":0},"end":{"line":282,"column":49}},"283":{"start":{"line":284,"column":0},"end":{"line":284,"column":76}},"284":{"start":{"line":285,"column":0},"end":{"line":285,"column":5}},"286":{"start":{"line":287,"column":0},"end":{"line":287,"column":66}},"287":{"start":{"line":288,"column":0},"end":{"line":288,"column":25}},"288":{"start":{"line":289,"column":0},"end":{"line":289,"column":54}},"289":{"start":{"line":290,"column":0},"end":{"line":290,"column":58}},"290":{"start":{"line":291,"column":0},"end":{"line":291,"column":57}},"291":{"start":{"line":292,"column":0},"end":{"line":292,"column":49}},"293":{"start":{"line":294,"column":0},"end":{"line":294,"column":77}},"294":{"start":{"line":295,"column":0},"end":{"line":295,"column":5}},"296":{"start":{"line":297,"column":0},"end":{"line":297,"column":73}},"297":{"start":{"line":298,"column":0},"end":{"line":298,"column":41}},"298":{"start":{"line":299,"column":0},"end":{"line":299,"column":27}},"299":{"start":{"line":300,"column":0},"end":{"line":300,"column":56}},"300":{"start":{"line":301,"column":0},"end":{"line":301,"column":60}},"301":{"start":{"line":302,"column":0},"end":{"line":302,"column":51}},"302":{"start":{"line":303,"column":0},"end":{"line":303,"column":7}},"304":{"start":{"line":305,"column":0},"end":{"line":305,"column":76}},"306":{"start":{"line":307,"column":0},"end":{"line":307,"column":66}},"307":{"start":{"line":308,"column":0},"end":{"line":308,"column":58}},"309":{"start":{"line":310,"column":0},"end":{"line":310,"column":68}},"312":{"start":{"line":313,"column":0},"end":{"line":313,"column":66}},"313":{"start":{"line":314,"column":0},"end":{"line":314,"column":58}},"316":{"start":{"line":317,"column":0},"end":{"line":317,"column":19}},"317":{"start":{"line":318,"column":0},"end":{"line":318,"column":57}},"318":{"start":{"line":319,"column":0},"end":{"line":319,"column":22}},"321":{"start":{"line":322,"column":0},"end":{"line":322,"column":68}},"322":{"start":{"line":323,"column":0},"end":{"line":323,"column":7}},"324":{"start":{"line":325,"column":0},"end":{"line":325,"column":70}},"325":{"start":{"line":326,"column":0},"end":{"line":326,"column":11}},"326":{"start":{"line":327,"column":0},"end":{"line":327,"column":11}},"328":{"start":{"line":329,"column":0},"end":{"line":329,"column":36}},"329":{"start":{"line":330,"column":0},"end":{"line":330,"column":50}},"330":{"start":{"line":331,"column":0},"end":{"line":331,"column":23}},"331":{"start":{"line":332,"column":0},"end":{"line":332,"column":78}},"334":{"start":{"line":335,"column":0},"end":{"line":335,"column":66}},"335":{"start":{"line":336,"column":0},"end":{"line":336,"column":58}},"338":{"start":{"line":339,"column":0},"end":{"line":339,"column":39}},"339":{"start":{"line":340,"column":0},"end":{"line":340,"column":50}},"340":{"start":{"line":341,"column":0},"end":{"line":341,"column":23}},"341":{"start":{"line":342,"column":0},"end":{"line":342,"column":42}},"342":{"start":{"line":343,"column":0},"end":{"line":343,"column":48}},"343":{"start":{"line":344,"column":0},"end":{"line":344,"column":8}},"345":{"start":{"line":346,"column":0},"end":{"line":346,"column":59}},"348":{"start":{"line":349,"column":0},"end":{"line":349,"column":66}},"349":{"start":{"line":350,"column":0},"end":{"line":350,"column":58}},"351":{"start":{"line":352,"column":0},"end":{"line":352,"column":19}},"352":{"start":{"line":353,"column":0},"end":{"line":353,"column":57}},"353":{"start":{"line":354,"column":0},"end":{"line":354,"column":22}},"356":{"start":{"line":357,"column":0},"end":{"line":357,"column":43}},"357":{"start":{"line":358,"column":0},"end":{"line":358,"column":50}},"358":{"start":{"line":359,"column":0},"end":{"line":359,"column":23}},"359":{"start":{"line":360,"column":0},"end":{"line":360,"column":46}},"360":{"start":{"line":361,"column":0},"end":{"line":361,"column":52}},"361":{"start":{"line":362,"column":0},"end":{"line":362,"column":8}},"363":{"start":{"line":364,"column":0},"end":{"line":364,"column":62}},"364":{"start":{"line":365,"column":0},"end":{"line":365,"column":7}},"366":{"start":{"line":367,"column":0},"end":{"line":367,"column":73}},"367":{"start":{"line":368,"column":0},"end":{"line":368,"column":11}},"368":{"start":{"line":369,"column":0},"end":{"line":369,"column":11}},"370":{"start":{"line":371,"column":0},"end":{"line":371,"column":66}},"371":{"start":{"line":372,"column":0},"end":{"line":372,"column":58}},"373":{"start":{"line":374,"column":0},"end":{"line":374,"column":68}},"376":{"start":{"line":377,"column":0},"end":{"line":377,"column":66}},"377":{"start":{"line":378,"column":0},"end":{"line":378,"column":58}},"379":{"start":{"line":380,"column":0},"end":{"line":380,"column":19}},"380":{"start":{"line":381,"column":0},"end":{"line":381,"column":57}},"381":{"start":{"line":382,"column":0},"end":{"line":382,"column":22}},"384":{"start":{"line":385,"column":0},"end":{"line":385,"column":66}},"385":{"start":{"line":386,"column":0},"end":{"line":386,"column":58}},"388":{"start":{"line":389,"column":0},"end":{"line":389,"column":68}},"389":{"start":{"line":390,"column":0},"end":{"line":390,"column":7}},"391":{"start":{"line":392,"column":0},"end":{"line":392,"column":80}},"392":{"start":{"line":393,"column":0},"end":{"line":393,"column":44}},"394":{"start":{"line":395,"column":0},"end":{"line":395,"column":48}},"395":{"start":{"line":396,"column":0},"end":{"line":396,"column":73}},"396":{"start":{"line":397,"column":0},"end":{"line":397,"column":60}},"397":{"start":{"line":398,"column":0},"end":{"line":398,"column":21}},"398":{"start":{"line":399,"column":0},"end":{"line":399,"column":60}},"399":{"start":{"line":400,"column":0},"end":{"line":400,"column":24}},"400":{"start":{"line":401,"column":0},"end":{"line":401,"column":7}},"403":{"start":{"line":404,"column":0},"end":{"line":404,"column":66}},"404":{"start":{"line":405,"column":0},"end":{"line":405,"column":58}},"406":{"start":{"line":407,"column":0},"end":{"line":407,"column":19}},"407":{"start":{"line":408,"column":0},"end":{"line":408,"column":57}},"408":{"start":{"line":409,"column":0},"end":{"line":409,"column":22}},"409":{"start":{"line":410,"column":0},"end":{"line":410,"column":68}},"410":{"start":{"line":411,"column":0},"end":{"line":411,"column":7}},"412":{"start":{"line":413,"column":0},"end":{"line":413,"column":66}},"413":{"start":{"line":414,"column":0},"end":{"line":414,"column":43}},"414":{"start":{"line":415,"column":0},"end":{"line":415,"column":29}},"415":{"start":{"line":416,"column":0},"end":{"line":416,"column":58}},"416":{"start":{"line":417,"column":0},"end":{"line":417,"column":62}},"417":{"start":{"line":418,"column":0},"end":{"line":418,"column":53}},"418":{"start":{"line":419,"column":0},"end":{"line":419,"column":9}},"420":{"start":{"line":421,"column":0},"end":{"line":421,"column":78}},"422":{"start":{"line":423,"column":0},"end":{"line":423,"column":60}},"425":{"start":{"line":426,"column":0},"end":{"line":426,"column":21}},"426":{"start":{"line":427,"column":0},"end":{"line":427,"column":72}},"427":{"start":{"line":428,"column":0},"end":{"line":428,"column":24}},"430":{"start":{"line":431,"column":0},"end":{"line":431,"column":70}},"431":{"start":{"line":432,"column":0},"end":{"line":432,"column":9}},"433":{"start":{"line":434,"column":0},"end":{"line":434,"column":75}},"435":{"start":{"line":436,"column":0},"end":{"line":436,"column":60}},"438":{"start":{"line":439,"column":0},"end":{"line":439,"column":29}},"439":{"start":{"line":440,"column":0},"end":{"line":440,"column":68}},"440":{"start":{"line":441,"column":0},"end":{"line":441,"column":25}},"441":{"start":{"line":442,"column":0},"end":{"line":442,"column":60}},"442":{"start":{"line":443,"column":0},"end":{"line":443,"column":62}},"443":{"start":{"line":444,"column":0},"end":{"line":444,"column":9}},"445":{"start":{"line":446,"column":0},"end":{"line":446,"column":75}},"446":{"start":{"line":447,"column":0},"end":{"line":447,"column":13}},"447":{"start":{"line":448,"column":0},"end":{"line":448,"column":13}},"449":{"start":{"line":450,"column":0},"end":{"line":450,"column":60}},"451":{"start":{"line":452,"column":0},"end":{"line":452,"column":21}},"452":{"start":{"line":453,"column":0},"end":{"line":453,"column":72}},"453":{"start":{"line":454,"column":0},"end":{"line":454,"column":24}},"456":{"start":{"line":457,"column":0},"end":{"line":457,"column":68}},"457":{"start":{"line":458,"column":0},"end":{"line":458,"column":60}},"460":{"start":{"line":461,"column":0},"end":{"line":461,"column":70}},"461":{"start":{"line":462,"column":0},"end":{"line":462,"column":9}},"463":{"start":{"line":464,"column":0},"end":{"line":464,"column":74}},"464":{"start":{"line":465,"column":0},"end":{"line":465,"column":13}},"465":{"start":{"line":466,"column":0},"end":{"line":466,"column":13}},"467":{"start":{"line":468,"column":0},"end":{"line":468,"column":38}},"468":{"start":{"line":469,"column":0},"end":{"line":469,"column":52}},"469":{"start":{"line":470,"column":0},"end":{"line":470,"column":25}},"470":{"start":{"line":471,"column":0},"end":{"line":471,"column":80}},"473":{"start":{"line":474,"column":0},"end":{"line":474,"column":60}},"475":{"start":{"line":476,"column":0},"end":{"line":476,"column":21}},"476":{"start":{"line":477,"column":0},"end":{"line":477,"column":72}},"477":{"start":{"line":478,"column":0},"end":{"line":478,"column":24}},"480":{"start":{"line":481,"column":0},"end":{"line":481,"column":41}},"481":{"start":{"line":482,"column":0},"end":{"line":482,"column":52}},"482":{"start":{"line":483,"column":0},"end":{"line":483,"column":25}},"483":{"start":{"line":484,"column":0},"end":{"line":484,"column":44}},"484":{"start":{"line":485,"column":0},"end":{"line":485,"column":50}},"485":{"start":{"line":486,"column":0},"end":{"line":486,"column":10}},"487":{"start":{"line":488,"column":0},"end":{"line":488,"column":57}},"488":{"start":{"line":489,"column":0},"end":{"line":489,"column":9}},"490":{"start":{"line":491,"column":0},"end":{"line":491,"column":73}},"492":{"start":{"line":493,"column":0},"end":{"line":493,"column":69}},"493":{"start":{"line":494,"column":0},"end":{"line":494,"column":60}},"496":{"start":{"line":497,"column":0},"end":{"line":497,"column":21}},"497":{"start":{"line":498,"column":0},"end":{"line":498,"column":65}},"498":{"start":{"line":499,"column":0},"end":{"line":499,"column":24}},"499":{"start":{"line":500,"column":0},"end":{"line":500,"column":9}},"501":{"start":{"line":502,"column":0},"end":{"line":502,"column":75}},"502":{"start":{"line":503,"column":0},"end":{"line":503,"column":13}},"503":{"start":{"line":504,"column":0},"end":{"line":504,"column":13}},"505":{"start":{"line":506,"column":0},"end":{"line":506,"column":60}},"506":{"start":{"line":507,"column":0},"end":{"line":507,"column":21}},"507":{"start":{"line":508,"column":0},"end":{"line":508,"column":72}},"508":{"start":{"line":509,"column":0},"end":{"line":509,"column":24}},"511":{"start":{"line":512,"column":0},"end":{"line":512,"column":68}},"512":{"start":{"line":513,"column":0},"end":{"line":513,"column":60}},"513":{"start":{"line":514,"column":0},"end":{"line":514,"column":21}},"514":{"start":{"line":515,"column":0},"end":{"line":515,"column":60}},"515":{"start":{"line":516,"column":0},"end":{"line":516,"column":24}},"518":{"start":{"line":519,"column":0},"end":{"line":519,"column":68}},"519":{"start":{"line":520,"column":0},"end":{"line":520,"column":60}},"520":{"start":{"line":521,"column":0},"end":{"line":521,"column":70}},"521":{"start":{"line":522,"column":0},"end":{"line":522,"column":9}},"522":{"start":{"line":523,"column":0},"end":{"line":523,"column":7}},"523":{"start":{"line":524,"column":0},"end":{"line":524,"column":5}},"524":{"start":{"line":525,"column":0},"end":{"line":525,"column":3}}},"s":{"0":0,"2":0,"3":0,"4":0,"6":0,"7":0,"8":0,"9":0,"11":0,"12":0,"13":0,"14":0,"16":0,"17":0,"18":0,"19":0,"21":0,"22":0,"23":0,"24":0,"25":0,"26":0,"28":0,"29":0,"30":0,"31":0,"32":0,"34":0,"35":0,"36":0,"37":0,"40":0,"41":0,"42":0,"44":0,"45":0,"46":0,"47":0,"49":0,"50":0,"52":0,"53":0,"54":0,"55":0,"57":0,"58":0,"60":0,"62":0,"63":0,"64":0,"65":0,"68":0,"69":0,"72":0,"73":0,"74":0,"75":0,"77":0,"78":0,"80":0,"81":0,"82":0,"84":0,"85":0,"86":0,"87":0,"89":0,"90":0,"91":0,"93":0,"94":0,"95":0,"96":0,"98":0,"99":0,"100":0,"102":0,"103":0,"104":0,"105":0,"107":0,"108":0,"109":0,"110":0,"112":0,"113":0,"115":0,"117":0,"118":0,"121":0,"122":0,"125":0,"126":0,"128":0,"129":0,"130":0,"131":0,"133":0,"135":0,"136":0,"137":0,"138":0,"141":0,"142":0,"143":0,"145":0,"146":0,"147":0,"149":0,"150":0,"151":0,"152":0,"154":0,"155":0,"156":0,"158":0,"159":0,"160":0,"162":0,"163":0,"166":0,"169":0,"170":0,"172":0,"173":0,"174":0,"175":0,"177":0,"178":0,"179":0,"180":0,"182":0,"183":0,"185":0,"186":0,"187":0,"188":0,"190":0,"191":0,"193":0,"194":0,"195":0,"197":0,"198":0,"199":0,"202":0,"203":0,"204":0,"206":0,"207":0,"208":0,"210":0,"211":0,"212":0,"215":0,"216":0,"217":0,"219":0,"221":0,"222":0,"223":0,"224":0,"225":0,"228":0,"229":0,"230":0,"231":0,"233":0,"234":0,"235":0,"237":0,"238":0,"241":0,"242":0,"245":0,"246":0,"247":0,"249":0,"250":0,"251":0,"252":0,"253":0,"254":0,"255":0,"257":0,"258":0,"260":0,"261":0,"263":0,"264":0,"265":0,"266":0,"267":0,"268":0,"270":0,"271":0,"273":0,"274":0,"276":0,"277":0,"278":0,"279":0,"280":0,"281":0,"283":0,"284":0,"286":0,"287":0,"288":0,"289":0,"290":0,"291":0,"293":0,"294":0,"296":0,"297":0,"298":0,"299":0,"300":0,"301":0,"302":0,"304":0,"306":0,"307":0,"309":0,"312":0,"313":0,"316":0,"317":0,"318":0,"321":0,"322":0,"324":0,"325":0,"326":0,"328":0,"329":0,"330":0,"331":0,"334":0,"335":0,"338":0,"339":0,"340":0,"341":0,"342":0,"343":0,"345":0,"348":0,"349":0,"351":0,"352":0,"353":0,"356":0,"357":0,"358":0,"359":0,"360":0,"361":0,"363":0,"364":0,"366":0,"367":0,"368":0,"370":0,"371":0,"373":0,"376":0,"377":0,"379":0,"380":0,"381":0,"384":0,"385":0,"388":0,"389":0,"391":0,"392":0,"394":0,"395":0,"396":0,"397":0,"398":0,"399":0,"400":0,"403":0,"404":0,"406":0,"407":0,"408":0,"409":0,"410":0,"412":0,"413":0,"414":0,"415":0,"416":0,"417":0,"418":0,"420":0,"422":0,"425":0,"426":0,"427":0,"430":0,"431":0,"433":0,"435":0,"438":0,"439":0,"440":0,"441":0,"442":0,"443":0,"445":0,"446":0,"447":0,"449":0,"451":0,"452":0,"453":0,"456":0,"457":0,"460":0,"461":0,"463":0,"464":0,"465":0,"467":0,"468":0,"469":0,"470":0,"473":0,"475":0,"476":0,"477":0,"480":0,"481":0,"482":0,"483":0,"484":0,"485":0,"487":0,"488":0,"490":0,"492":0,"493":0,"496":0,"497":0,"498":0,"499":0,"501":0,"502":0,"503":0,"505":0,"506":0,"507":0,"508":0,"511":0,"512":0,"513":0,"514":0,"515":0,"518":0,"519":0,"520":0,"521":0,"522":0,"523":0,"524":0},"branchMap":{"0":{"type":"branch","line":1,"loc":{"start":{"line":1,"column":0},"end":{"line":525,"column":-773}},"locations":[{"start":{"line":1,"column":0},"end":{"line":525,"column":-773}}]}},"b":{"0":[0]},"fnMap":{"0":{"name":"(empty-report)","decl":{"start":{"line":1,"column":0},"end":{"line":525,"column":-773}},"loc":{"start":{"line":1,"column":0},"end":{"line":525,"column":-773}},"line":1}},"f":{"0":0}}
,"/home/pepodev/projects/pepodev/number-guessing/src/lib/index.ts": {"path":"/home/pepodev/projects/pepodev/number-guessing/src/lib/index.ts","all":true,"statementMap":{},"s":{},"branchMap":{"0":{"type":"branch","line":1,"loc":{"start":{"line":1,"column":74},"end":{"line":1,"column":74}},"locations":[{"start":{"line":1,"column":74},"end":{"line":1,"column":74}}]}},"b":{"0":[1]},"fnMap":{"0":{"name":"(empty-report)","decl":{"start":{"line":1,"column":74},"end":{"line":1,"column":74}},"loc":{"start":{"line":1,"column":74},"end":{"line":1,"column":74}},"line":1}},"f":{"0":1}}
,"/home/pepodev/projects/pepodev/number-guessing/src/lib/components/MultiPlayerGame.svelte": {"path":"/home/pepodev/projects/pepodev/number-guessing/src/lib/components/MultiPlayerGame.svelte","all":false,"statementMap":{"0":{"start":{"line":1,"column":0},"end":{"line":1,"column":18}},"3":{"start":{"line":4,"column":0},"end":{"line":4,"column":34}},"4":{"start":{"line":5,"column":0},"end":{"line":5,"column":36}},"5":{"start":{"line":6,"column":0},"end":{"line":6,"column":34}},"6":{"start":{"line":7,"column":0},"end":{"line":7,"column":35}},"8":{"start":{"line":9,"column":0},"end":{"line":9,"column":16}},"9":{"start":{"line":10,"column":0},"end":{"line":10,"column":83}},"11":{"start":{"line":12,"column":0},"end":{"line":12,"column":98}},"12":{"start":{"line":13,"column":0},"end":{"line":13,"column":37}},"13":{"start":{"line":14,"column":0},"end":{"line":14,"column":44}},"14":{"start":{"line":15,"column":0},"end":{"line":15,"column":4}},"15":{"start":{"line":16,"column":0},"end":{"line":16,"column":3}},"16":{"start":{"line":17,"column":0},"end":{"line":17,"column":4}},"18":{"start":{"line":19,"column":0},"end":{"line":19,"column":29}},"19":{"start":{"line":20,"column":0},"end":{"line":20,"column":36}},"20":{"start":{"line":21,"column":0},"end":{"line":21,"column":40}},"22":{"start":{"line":23,"column":0},"end":{"line":23,"column":14}},"23":{"start":{"line":24,"column":0},"end":{"line":24,"column":56}},"24":{"start":{"line":25,"column":0},"end":{"line":25,"column":3}},"26":{"start":{"line":27,"column":0},"end":{"line":27,"column":16}},"27":{"start":{"line":28,"column":0},"end":{"line":28,"column":42}},"29":{"start":{"line":30,"column":0},"end":{"line":30,"column":3}},"32":{"start":{"line":33,"column":0},"end":{"line":33,"column":102}},"33":{"start":{"line":34,"column":0},"end":{"line":34,"column":65}},"34":{"start":{"line":35,"column":0},"end":{"line":35,"column":3}},"36":{"start":{"line":37,"column":0},"end":{"line":37,"column":75}},"37":{"start":{"line":38,"column":0},"end":{"line":38,"column":26}},"38":{"start":{"line":39,"column":0},"end":{"line":39,"column":29}},"40":{"start":{"line":41,"column":0},"end":{"line":41,"column":3}},"42":{"start":{"line":43,"column":0},"end":{"line":43,"column":42}},"43":{"start":{"line":44,"column":0},"end":{"line":44,"column":23}},"44":{"start":{"line":45,"column":0},"end":{"line":45,"column":25}},"45":{"start":{"line":46,"column":0},"end":{"line":46,"column":2}},"47":{"start":{"line":48,"column":0},"end":{"line":48,"column":34}},"48":{"start":{"line":49,"column":0},"end":{"line":49,"column":50}},"50":{"start":{"line":51,"column":0},"end":{"line":51,"column":37}},"53":{"start":{"line":54,"column":0},"end":{"line":54,"column":79}},"54":{"start":{"line":55,"column":0},"end":{"line":55,"column":63}},"55":{"start":{"line":56,"column":0},"end":{"line":56,"column":3}},"57":{"start":{"line":58,"column":0},"end":{"line":58,"column":74}},"58":{"start":{"line":59,"column":0},"end":{"line":59,"column":26}},"59":{"start":{"line":60,"column":0},"end":{"line":60,"column":29}},"61":{"start":{"line":62,"column":0},"end":{"line":62,"column":3}},"63":{"start":{"line":64,"column":0},"end":{"line":64,"column":61}},"64":{"start":{"line":65,"column":0},"end":{"line":65,"column":50}},"65":{"start":{"line":66,"column":0},"end":{"line":66,"column":65}},"67":{"start":{"line":68,"column":0},"end":{"line":68,"column":34}},"68":{"start":{"line":69,"column":0},"end":{"line":69,"column":38}},"69":{"start":{"line":70,"column":0},"end":{"line":70,"column":29}},"70":{"start":{"line":71,"column":0},"end":{"line":71,"column":9}},"71":{"start":{"line":72,"column":0},"end":{"line":72,"column":22}},"72":{"start":{"line":73,"column":0},"end":{"line":73,"column":41}},"73":{"start":{"line":74,"column":0},"end":{"line":74,"column":46}},"76":{"start":{"line":77,"column":0},"end":{"line":77,"column":44}},"78":{"start":{"line":79,"column":0},"end":{"line":79,"column":58}},"79":{"start":{"line":80,"column":0},"end":{"line":80,"column":27}},"80":{"start":{"line":81,"column":0},"end":{"line":81,"column":3}},"82":{"start":{"line":83,"column":0},"end":{"line":83,"column":23}},"83":{"start":{"line":84,"column":0},"end":{"line":84,"column":2}},"85":{"start":{"line":86,"column":0},"end":{"line":86,"column":49}},"86":{"start":{"line":87,"column":0},"end":{"line":87,"column":26}},"87":{"start":{"line":88,"column":0},"end":{"line":88,"column":21}},"88":{"start":{"line":89,"column":0},"end":{"line":89,"column":3}},"89":{"start":{"line":90,"column":0},"end":{"line":90,"column":2}},"91":{"start":{"line":92,"column":0},"end":{"line":92,"column":49}},"92":{"start":{"line":93,"column":0},"end":{"line":93,"column":26}},"93":{"start":{"line":94,"column":0},"end":{"line":94,"column":26}},"94":{"start":{"line":95,"column":0},"end":{"line":95,"column":3}},"95":{"start":{"line":96,"column":0},"end":{"line":96,"column":2}},"98":{"start":{"line":99,"column":0},"end":{"line":99,"column":38}},"105":{"start":{"line":106,"column":0},"end":{"line":106,"column":75}},"114":{"start":{"line":115,"column":0},"end":{"line":115,"column":32}},"125":{"start":{"line":126,"column":0},"end":{"line":126,"column":34}},"126":{"start":{"line":127,"column":0},"end":{"line":127,"column":36}},"128":{"start":{"line":129,"column":0},"end":{"line":129,"column":46}},"135":{"start":{"line":136,"column":0},"end":{"line":136,"column":29}},"142":{"start":{"line":143,"column":0},"end":{"line":143,"column":46}},"145":{"start":{"line":146,"column":0},"end":{"line":146,"column":104}},"150":{"start":{"line":151,"column":0},"end":{"line":151,"column":46}},"151":{"start":{"line":152,"column":0},"end":{"line":152,"column":267}},"152":{"start":{"line":153,"column":0},"end":{"line":153,"column":216}},"153":{"start":{"line":154,"column":0},"end":{"line":154,"column":19}},"156":{"start":{"line":157,"column":0},"end":{"line":157,"column":37}},"157":{"start":{"line":158,"column":0},"end":{"line":158,"column":119}},"159":{"start":{"line":160,"column":0},"end":{"line":160,"column":78}},"160":{"start":{"line":161,"column":0},"end":{"line":161,"column":108}},"175":{"start":{"line":176,"column":0},"end":{"line":176,"column":34}},"178":{"start":{"line":179,"column":0},"end":{"line":179,"column":49}},"179":{"start":{"line":180,"column":0},"end":{"line":180,"column":50}},"180":{"start":{"line":181,"column":0},"end":{"line":181,"column":78}},"188":{"start":{"line":189,"column":0},"end":{"line":189,"column":32}},"189":{"start":{"line":190,"column":0},"end":{"line":190,"column":36}},"191":{"start":{"line":192,"column":0},"end":{"line":192,"column":46}},"196":{"start":{"line":197,"column":0},"end":{"line":197,"column":34}},"203":{"start":{"line":204,"column":0},"end":{"line":204,"column":46}},"207":{"start":{"line":208,"column":0},"end":{"line":208,"column":70}}},"s":{"0":1,"3":1,"4":1,"5":1,"6":1,"8":1,"9":51,"11":12,"12":12,"13":12,"14":12,"15":12,"16":1,"18":1,"19":28,"20":28,"22":28,"23":1,"24":1,"26":28,"27":0,"29":0,"32":28,"33":0,"34":0,"36":28,"37":28,"38":0,"40":0,"42":28,"43":28,"44":28,"45":28,"47":1,"48":3,"50":3,"53":3,"54":0,"55":0,"57":3,"58":3,"59":0,"61":0,"63":3,"64":3,"65":3,"67":3,"68":3,"69":3,"70":3,"71":3,"72":3,"73":3,"76":3,"78":3,"79":0,"80":0,"82":3,"83":3,"85":1,"86":88,"87":1,"88":1,"89":88,"91":1,"92":10,"93":1,"94":1,"95":10,"98":1,"105":1,"114":1,"125":1,"126":1,"128":1,"135":1,"142":1,"145":1,"150":1,"151":1,"152":1,"153":1,"156":1,"157":1,"159":1,"160":1,"175":1,"178":1,"179":1,"180":1,"188":1,"189":1,"191":1,"196":1,"203":1,"207":1},"branchMap":{"0":{"type":"branch","line":9,"loc":{"start":{"line":9,"column":8},"end":{"line":17,"column":2}},"locations":[{"start":{"line":9,"column":8},"end":{"line":17,"column":2}}]},"1":{"type":"branch","line":10,"loc":{"start":{"line":10,"column":41},"end":{"line":10,"column":80}},"locations":[{"start":{"line":10,"column":41},"end":{"line":10,"column":80}}]},"2":{"type":"branch","line":10,"loc":{"start":{"line":10,"column":82},"end":{"line":16,"column":3}},"locations":[{"start":{"line":10,"column":82},"end":{"line":16,"column":3}}]},"3":{"type":"branch","line":12,"loc":{"start":{"line":12,"column":59},"end":{"line":12,"column":98}},"locations":[{"start":{"line":12,"column":59},"end":{"line":12,"column":98}}]},"4":{"type":"branch","line":19,"loc":{"start":{"line":19,"column":10},"end":{"line":46,"column":2}},"locations":[{"start":{"line":19,"column":10},"end":{"line":46,"column":2}}]},"5":{"type":"branch","line":23,"loc":{"start":{"line":23,"column":13},"end":{"line":25,"column":3}},"locations":[{"start":{"line":23,"column":13},"end":{"line":25,"column":3}}]},"6":{"type":"branch","line":27,"loc":{"start":{"line":27,"column":15},"end":{"line":30,"column":3}},"locations":[{"start":{"line":27,"column":15},"end":{"line":30,"column":3}}]},"7":{"type":"branch","line":33,"loc":{"start":{"line":33,"column":52},"end":{"line":33,"column":82}},"locations":[{"start":{"line":33,"column":52},"end":{"line":33,"column":82}}]},"8":{"type":"branch","line":33,"loc":{"start":{"line":33,"column":76},"end":{"line":33,"column":99}},"locations":[{"start":{"line":33,"column":76},"end":{"line":33,"column":99}}]},"9":{"type":"branch","line":33,"loc":{"start":{"line":33,"column":101},"end":{"line":35,"column":3}},"locations":[{"start":{"line":33,"column":101},"end":{"line":35,"column":3}}]},"10":{"type":"branch","line":38,"loc":{"start":{"line":38,"column":25},"end":{"line":41,"column":3}},"locations":[{"start":{"line":38,"column":25},"end":{"line":41,"column":3}}]},"11":{"type":"branch","line":48,"loc":{"start":{"line":48,"column":10},"end":{"line":84,"column":2}},"locations":[{"start":{"line":48,"column":10},"end":{"line":84,"column":2}}]},"12":{"type":"branch","line":49,"loc":{"start":{"line":49,"column":41},"end":{"line":49,"column":50}},"locations":[{"start":{"line":49,"column":41},"end":{"line":49,"column":50}}]},"13":{"type":"branch","line":54,"loc":{"start":{"line":54,"column":51},"end":{"line":54,"column":78}},"locations":[{"start":{"line":54,"column":51},"end":{"line":54,"column":78}}]},"14":{"type":"branch","line":54,"loc":{"start":{"line":54,"column":78},"end":{"line":56,"column":3}},"locations":[{"start":{"line":54,"column":78},"end":{"line":56,"column":3}}]},"15":{"type":"branch","line":59,"loc":{"start":{"line":59,"column":25},"end":{"line":62,"column":3}},"locations":[{"start":{"line":59,"column":25},"end":{"line":62,"column":3}}]},"16":{"type":"branch","line":79,"loc":{"start":{"line":79,"column":16},"end":{"line":79,"column":55}},"locations":[{"start":{"line":79,"column":16},"end":{"line":79,"column":55}}]},"17":{"type":"branch","line":79,"loc":{"start":{"line":79,"column":57},"end":{"line":81,"column":3}},"locations":[{"start":{"line":79,"column":57},"end":{"line":81,"column":3}}]},"18":{"type":"branch","line":86,"loc":{"start":{"line":86,"column":10},"end":{"line":90,"column":2}},"locations":[{"start":{"line":86,"column":10},"end":{"line":90,"column":2}}]},"19":{"type":"branch","line":87,"loc":{"start":{"line":87,"column":25},"end":{"line":89,"column":3}},"locations":[{"start":{"line":87,"column":25},"end":{"line":89,"column":3}}]},"20":{"type":"branch","line":92,"loc":{"start":{"line":92,"column":10},"end":{"line":96,"column":2}},"locations":[{"start":{"line":92,"column":10},"end":{"line":96,"column":2}}]},"21":{"type":"branch","line":93,"loc":{"start":{"line":93,"column":25},"end":{"line":95,"column":3}},"locations":[{"start":{"line":93,"column
[...]
rt":{"line":222,"column":0},"end":{"line":222,"column":29}},"222":{"start":{"line":223,"column":0},"end":{"line":223,"column":46}},"223":{"start":{"line":224,"column":0},"end":{"line":224,"column":38}},"224":{"start":{"line":225,"column":0},"end":{"line":225,"column":12}},"225":{"start":{"line":226,"column":0},"end":{"line":226,"column":19}},"226":{"start":{"line":227,"column":0},"end":{"line":227,"column":80}},"227":{"start":{"line":228,"column":0},"end":{"line":228,"column":6}},"228":{"start":{"line":229,"column":0},"end":{"line":229,"column":3}},"230":{"start":{"line":231,"column":0},"end":{"line":231,"column":38}},"231":{"start":{"line":232,"column":0},"end":{"line":232,"column":1}},"233":{"start":{"line":234,"column":0},"end":{"line":234,"column":34}},"234":{"start":{"line":235,"column":0},"end":{"line":235,"column":16}},"235":{"start":{"line":236,"column":0},"end":{"line":236,"column":16}},"236":{"start":{"line":237,"column":0},"end":{"line":237,"column":56}},"237":{"start":{"line":238,"column":0},"end":{"line":238,"column":38}},"238":{"start":{"line":239,"column":0},"end":{"line":239,"column":40}},"239":{"start":{"line":240,"column":0},"end":{"line":240,"column":34}},"241":{"start":{"line":242,"column":0},"end":{"line":242,"column":27}},"242":{"start":{"line":243,"column":0},"end":{"line":243,"column":24}},"245":{"start":{"line":246,"column":0},"end":{"line":246,"column":40}},"246":{"start":{"line":247,"column":0},"end":{"line":247,"column":45}},"247":{"start":{"line":248,"column":0},"end":{"line":248,"column":25}},"248":{"start":{"line":249,"column":0},"end":{"line":249,"column":5}},"249":{"start":{"line":250,"column":0},"end":{"line":250,"column":3}},"252":{"start":{"line":253,"column":0},"end":{"line":253,"column":54}},"253":{"start":{"line":254,"column":0},"end":{"line":254,"column":53}},"255":{"start":{"line":256,"column":0},"end":{"line":256,"column":40}},"256":{"start":{"line":257,"column":0},"end":{"line":257,"column":39}},"257":{"start":{"line":258,"column":0},"end":{"line":258,"column":51}},"258":{"start":{"line":259,"column":0},"end":{"line":259,"column":37}},"259":{"start":{"line":260,"column":0},"end":{"line":260,"column":49}},"260":{"start":{"line":261,"column":0},"end":{"line":261,"column":3}},"262":{"start":{"line":263,"column":0},"end":{"line":263,"column":40}},"263":{"start":{"line":264,"column":0},"end":{"line":264,"column":34}},"264":{"start":{"line":265,"column":0},"end":{"line":265,"column":32}},"265":{"start":{"line":266,"column":0},"end":{"line":266,"column":31}},"266":{"start":{"line":267,"column":0},"end":{"line":267,"column":31}},"267":{"start":{"line":268,"column":0},"end":{"line":268,"column":8}},"268":{"start":{"line":269,"column":0},"end":{"line":269,"column":5}},"269":{"start":{"line":270,"column":0},"end":{"line":270,"column":3}},"271":{"start":{"line":272,"column":0},"end":{"line":272,"column":45}},"272":{"start":{"line":273,"column":0},"end":{"line":273,"column":1}}},"s":{"0":1,"48":1,"49":1,"50":1,"51":1,"52":1,"54":1,"55":1,"56":1,"57":1,"58":1,"59":1,"60":1,"61":1,"62":1,"63":1,"64":1,"65":1,"66":1,"68":4,"69":4,"71":4,"72":4,"73":4,"74":4,"75":39,"76":39,"77":39,"78":39,"79":4,"80":58,"81":58,"82":26,"83":26,"84":26,"85":26,"86":26,"87":26,"88":26,"89":58,"91":32,"92":32,"93":74,"94":74,"95":74,"96":74,"97":74,"98":74,"99":74,"100":74,"101":32,"102":32,"103":32,"104":32,"105":32,"106":32,"107":32,"108":32,"109":32,"110":32,"111":32,"112":32,"113":32,"114":58,"115":4,"116":13,"117":13,"118":13,"119":13,"120":13,"121":4,"122":3,"123":4,"124":47,"125":47,"126":47,"127":47,"128":47,"129":47,"130":47,"131":47,"132":47,"133":47,"134":47,"135":47,"136":47,"137":47,"138":47,"139":47,"140":4,"141":8,"142":8,"143":8,"145":8,"146":8,"147":8,"148":8,"149":8,"151":8,"152":4,"153":4,"154":4,"155":4,"156":4,"157":4,"158":4,"159":4,"161":4,"162":4,"163":4,"164":4,"165":4,"166":4,"168":0,"169":0,"170":0,"171":0,"172":8,"173":4,"174":4,"175":4,"176":4,"177":1,"178":1,"179":4,"180":4,"181":4,"182":4,"183":4,"184":4,"185":4,"186":4,"188":1,"191":26,"192":26,"193":26,"194":26,"195":26,"198":1,"199":52,"200":52,"201":52,"203":52,"204":1,"205":1,"207":52,"208":2,"209":2,"211":52,"212":2,"213":2,"214":2,"215":2,"216":2,"218":47,"219":47,"221":52,"222":0,"223":0,"224":0,"225":0,"226":0,"227":0,"228":0,"230":47,"231":47,"233":1,"234":22,"235":22,"236":22,"237":22,"238":22,"239":22,"241":22,"242":22,"245":22,"246":68,"247":26,"248":26,"249":68,"252":22,"253":22,"255":22,"256":68,"257":68,"258":68,"259":68,"260":68,"262":22,"263":63,"264":40,"265":40,"266":40,"267":40,"268":40,"269":63,"271":22,"272":22},"branchMap":{"0":{"type":"branch","line":69,"loc":{"start":{"line":69,"column":0},"end":{"line":187,"column":1}},"locations":[{"start":{"line":69,"column":0},"end":{"line":187,"column":1}}]},"1":{"type":"branch","line":74,"loc":{"start":{"line":74,"column":13},"end":{"line":74,"column":73}},"locations":[{"start":{"line":74,"column":13},"end":{"line":74,"column":73}}]},"2":{"type":"branch","line":74,"loc":{"start":{"line":74,"column":40},"end":{"line":74,"column":71}},"locations":[{"start":{"line":74,"column":40},"end":{"line":74,"column":71}}]},"3":{"type":"branch","line":75,"loc":{"start":{"line":75,"column":20},"end":{"line":79,"column":10}},"locations":[{"start":{"line":75,"column":20},"end":{"line":79,"column":10}}]},"4":{"type":"branch","line":76,"loc":{"start":{"line":76,"column":13},"end":{"line":79,"column":8}},"locations":[{"start":{"line":76,"column":13},"end":{"line":79,"column":8}}]},"5":{"type":"branch","line":80,"loc":{"start":{"line":80,"column":18},"end":{"line":115,"column":9}},"locations":[{"start":{"line":80,"column":18},"end":{"line":115,"column":9}}]},"6":{"type":"branch","line":81,"loc":{"start":{"line":81,"column":13},"end":{"line":115,"column":7}},"locations":[{"start":{"line":81,"column":13},"end":{"line":115,"column":7}}]},"7":{"type":"branch","line":82,"loc":{"start":{"line":82,"column":37},"end":{"line":90,"column":15}},"locations":[{"start":{"line":82,"column":37},"end":{"line":90,"column":15}}]},"8":{"type":"branch","line":90,"loc":{"start":{"line":90,"column":8},"end":{"line":114,"column":9}},"locations":[{"start":{"line":90,"column":8},"end":{"line":114,"column":9}}]},"9":{"type":"branch","line":93,"loc":{"start":{"line":93,"column":63},"end":{"line":101,"column":11}},"locations":[{"start":{"line":93,"column":63},"end":{"line":101,"column":11}}]},"10":{"type":"branch","line":110,"loc":{"start":{"line":110,"column":14},"end":{"line":110,"column":25}},"locations":[{"start":{"line":110,"column":14},"end":{"line":110,"column":25}}]},"11":{"type":"branch","line":116,"loc":{"start":{"line":116,"column":14},"end":{"line":121,"column":10}},"locations":[{"start":{"line":116,"column":14},"end":{"line":121,"column":10}}]},"12":{"type":"branch","line":117,"loc":{"start":{"line":117,"column":13},"end":{"line":121,"column":8}},"locations":[{"start":{"line":117,"column":13},"end":{"line":121,"column":8}}]},"13":{"type":"branch","line":122,"loc":{"start":{"line":122,"column":17},"end":{"line":123,"column":58}},"locations":[{"start":{"line":122,"column":17},"end":{"line":123,"column":58}}]},"14":{"type":"branch","line":123,"loc":{"start":{"line":123,"column":13},"end":{"line":123,"column":56}},"locations":[{"start":{"line":123,"column":13},"end":{"line":123,"column":56}}]},"15":{"type":"branch","line":124,"loc":{"start":{"line":124,"column":21},"end":{"line":140,"column":9}},"locations":[{"start":{"line":124,"column":21},"end":{"line":140,"column":9}}]},"16":{"type":"branch","line":125,"loc":{"start":{"line":125,"column":13},"end":{"line":140,"column":7}},"locations":[{"start":{"line":125,"column":13},"end":{"line":140,"column":7}}]},"17":{"type":"branch","line":138,"loc":{"start":{"line":138,"column":41},"end":{"line":138,"column":68}},"locations":[{"start":{"line":138,"column":41},"end":{"line":138,"column":68}}]},"18":{"type":"branch","line":138,"loc":{"start":{"line":138,"column":55},"end":{"line":138,"column":76}},"locations":[{"start":{"line":138,"column":55},"end":{"line":138,"column":76}}]},"19":{"type":"branch","line":141,"loc":{"start":{"line":141,"column":25},"end":{"line":173,"column":9}},"locations":[{"start":{"line":141,"column":25},"end":{"line":173,"column":9}}]},"20":{"type":"branch","line":142,"loc":{"start":{"line":142,"column":13},"end":{"line":173,"column":7}},"locations":[{"start":{"line":142,"column":13},"end":{"line":173,"column":7}}]},"21":{"type":"branch","line":152,"loc":{"start":{"line":152,"column":45},"end":{"line":160,"column":11}},"locations":[{"start":{"line":152,"column":45},"end":{"line":160,"column":11}}]},"22":{"type":"branch","line":160,"loc":{"start":{"line":160,"column":10},"end":{"line":172,"column":10}},"locations":[{"start":{"line":160,"column":10},"end":{"line":172,"column":10}}]},"23":{"type":"branch","line":160,"loc":{"start":{"line":160,"column":10},"end":{"line":167,"column":9}},"locations":[{"start":{"line":160,"column":10},"end":{"line":167,"column":9}}]},"24":{"type":"branch","line":167,"loc":{"start":{"line":167,"column":8},"end":{"line":172,"column":10}},"locations":[{"start":{"line":167,"column":8},"end":{"line":172,"column":10}}]},"25":{"type":"branch","line":149,"loc":{"start":{"line":149,"column":12},"end":{"line":149,"column":42}},"locations":[{"start":{"line":149,"column":12},"end":{"line":149,"column":42}}]},"26":{"type":"branch","line":174,"loc":{"start":{"line":174,"column":17},"end":{"line":184,"column":9}},"locations":[{"start":{"line":174,"column":17},"end":{"line":184,"column":9}}]},"27":{"type":"branch","line":175,"loc":{"start":{"line":175,"column":13},"end":{"line":184,"column":7}},"locations":[{"start":{"line":175,"column":13},"end":{"line":184,"column":7}}]},"28":{"type":"branch","line":177,"loc":{"start":{"line":177,"column":47},"end":{"line":179,"column":9}},"locations":[{"start":{"line":177,"column":47},"end":{"line":179,"column":9}}]},"29":{"type":"branch","line":185,"loc":{"start":{"line":185,"column":11},"end":{"line":185,"column":35}},"locations":[{"start":{"line":185,"column":11},"end":{"line":185,"column":35}}]},"30":{"type":"branch","line":192,"loc":{"start":{"line":192,"column":0},"end":{"line":196,"column":1}},"locations":[{"start":{"line":192,"column":0},"end":{"line":196,"column":1}}]},"31":{"type":"branch","line":199,"loc":{"start":{"line":199,"column":7},"end":{"line":232,"column":1}},"locations":[{"start":{"line":199,"column":7},"end":{"line":232,"column":1}}]},"32":{"type":"branch","line":204,"loc":{"start":{"line":204,"column":27},"end":{"line":206,"column":3}},"locations":[{"start":{"line":204,"column":27},"end":{"line":206,"column":3}}]},"33":{"type":"branch","line":206,"loc":{"start":{"line":206,"column":2},"end":{"line":208,"column":28}},"locations":[{"start":{"line":206,"column":2},"end":{"line":208,"column":28}}]},"34":{"type":"branch","line":208,"loc":{"start":{"line":208,"column":28},"end":{"line":210,"column":3}},"locations":[{"start":{"line":208,"column":28},"end":{"line":210,"column":3}}]},"35":{"type":"branch","line":210,"loc":{"start":{"line":210,"column":2},"end":{"line":212,"column":35}},"locations":[{"start":{"line":210,"column":2},"end":{"line":212,"column":35}}]},"36":{"type":"branch","line":212,"loc":{"start":{"line":212,"column":35},"end":{"line":217,"column":3}},"locations":[{"start":{"line":212,"column":35},"end":{"line":217,"column":3}}]},"37":{"type":"branch","line":217,"loc":{"start":{"line":217,"column":2},"end":{"line":222,"column":28}},"locations":[{"start":{"line":217,"column":2},"end":{"line":222,"column":28}}]},"38":{"type":"branch","line":222,"loc":{"start":{"line":222,"column":28},"end":{"line":229,"column":3}},"locations":[{"start":{"line":222,"column":28},"end":{"line":229,"column":3}}]},"39":{"type":"branch","line":229,"loc":{"start":{"line":229,"column":2},"end":{"line":232,"column":1}},"locations":[{"start":{"line":229,"column":2},"end":{"line":232,"column":1}}]},"40":{"type":"branch","line":234,"loc":{"start":{"line":234,"column":7},"end":{"line":273,"column":1}},"locations":[{"start":{"line":234,"column":7},"end":{"line":273,"column":1}}]},"41":{"type":"branch","line":246,"loc":{"start":{"line":246,"column":39},"end":{"line":250,"column":3}},"locations":[{"start":{"line":246,"column":39},"end":{"line":250,"column":3}}]},"42":{"type":"branch","line":247,"loc":{"start":{"line":247,"column":44},"end":{"line":249,"column":5}},"locations":[{"start":{"line":247,"column":44},"end":{"line":249,"column":5}}]},"43":{"type":"branch","line":256,"loc":{"start":{"line":256,"column":39},"end":{"line":261,"column":3}},"locations":[{"start":{"line":256,"column":39},"end":{"line":261,"column":3}}]},"44":{"type":"branch","line":258,"loc":{"start":{"line":258,"column":39},"end":{"line":258,"column":49}},"locations":[{"start":{"line":258,"column":39},"end":{"line":258,"column":49}}]},"45":{"type":"branch","line":260,"loc":{"start":{"line":260,"column":37},"end":{"line":260,"column":47}},"locations":[{"start":{"line":260,"column":37},"end":{"line":260,"column":47}}]},"46":{"type":"branch","line":263,"loc":{"start":{"line":263,"column":39},"end":{"line":270,"column":3}},"locations":[{"start":{"line":263,"column":39},"end":{"line":270,"column":3}}]},"47":{"type":"branch","line":264,"loc":{"start":{"line":264,"column":33},"end":{"line":269,"column":5}},"locations":[{"start":{"line":264,"column":33},"end":{"line":269,"column":5}}]}},"b":{"0":[4],"1":[65],"2":[65],"3":[39],"4":[39],"5":[58],"6":[58],"7":[26],"8":[32],"9":[74],"10":[74],"11":[13],"12":[13],"13":[3],"14":[3],"15":[47],"16":[47],"17":[18],"18":[29],"19":[8],"20":[8],"21":[4],"22":[5],"23":[4],"24":[0],"25":[20],"26":[4],"27":[4],"28":[1],"29":[86],"30":[26],"31":[52],"32":[1],"33":[51],"34":[2],"35":[49],"36":[2],"37":[47],"38":[0],"39":[47],"40":[22],"41":[68],"42":[26],"43":[68],"44":[62],"45":[63],"46":[63],"47":[40]},"fnMap":{"0":{"name":"createGameStore","decl":{"start":{"line":69,"column":0},"end":{"line":187,"column":1}},"loc":{"start":{"line":69,"column":0},"end":{"line":187,"column":1}},"line":69},"1":{"name":"setMode","decl":{"start":{"line":74,"column":13},"end":{"line":74,"column":73}},"loc":{"start":{"line":74,"column":13},"end":{"line":74,"column":73}},"line":74},"2":{"name":"updateSettings","decl":{"start":{"line":75,"column":20},"end":{"line":79,"column":10}},"loc":{"start":{"line":75,"column":20},"end":{"line":79,"column":10}},"line":75},"3":{"name":"startNewGame","decl":{"start":{"line":80,"column":18},"end":{"line":115,"column":9}},"loc":{"start":{"line":80,"column":18},"end":{"line":115,"column":9}},"line":80},"4":{"name":"addGuess","decl":{"start":{"line":116,"column":14},"end":{"line":121,"column":10}},"loc":{"start":{"line":116,"column":14},"end":{"line":121,"column":10}},"line":116},"5":{"name":"setGameOver","decl":{"start":{"line":122,"column":17},"end":{"line":123,"column":58}},"loc":{"start":{"line":122,"column":17},"end":{"line":123,"column":58}},"line":122},"6":{"name":"savePlayerSetup","decl":{"start":{"line":124,"column":21},"end":{"line":140,"column":9}},"loc":{"start":{"line":124,"column":21},"end":{"line":140,"column":9}},"line":124},"7":{"name":"addMultiPlayerGuess","decl":{"start":{"line":141,"column":25},"end":{"line":173,"column":9}},"loc":{"start":{"line":141,"column":25},"end":{"line":173,"column":9}},"line":141},"8":{"name":"nextGuesser","decl":{"start":{"line":174,"column":17},"end":{"line":184,"column":9}},"loc":{"start":{"line":174,"column":17},"end":{"line":184,"column":9}},"line":174},"9":{"name":"reset","decl":{"start":{"line":185,"column":11},"end":{"line":185,"column":35}},"loc":{"start":{"line":185,"column":11},"end":{"line":185,"column":35}},"line":185},"10":{"name":"generateRandomNumber","decl":{"start":{"line":192,"column":0},"end":{"line":196,"column":1}},"loc":{"start":{"line":192,"column":0},"end":{"line":196,"column":1}},"line":192},"11":{"name":"validateGuess","decl":{"start":{"line":199,"column":7},"end":{"line":232,"column":1}},"loc":{"start":{"line":199,"column":7},"end":{"line":232,"column":1}},"line":199},"12":{"name":"calculateFeedback","decl":{"start":{"line":234,"column":7},"end":{"line":273,"column":1}},"loc":{"start":{"line":234,"column":7},"end":{"line":273,"column":1}},"line":234}},"f":{"0":4,"1":65,"2":39,"3":58,"4":13,"5":3,"6":47,"7":8,"8":4,"9":86,"10":26,"11":52,"12":22}}
,"/home/pepodev/projects/pepodev/number-guessing/src/routes/+layout.js": {"path":"/home/pepodev/projects/pepodev/number-guessing/src/routes/+layout.js","all":true,"statementMap":{"0":{"start":{"line":1,"column":0},"end":{"line":1,"column":30}},"1":{"start":{"line":2,"column":0},"end":{"line":2,"column":25}}},"s":{"0":0,"1":0},"branchMap":{"0":{"type":"branch","line":1,"loc":{"start":{"line":1,"column":56},"end":{"line":2,"column":25}},"locations":[{"start":{"line":1,"column":56},"end":{"line":2,"column":25}}]}},"b":{"0":[0]},"fnMap":{"0":{"name":"(empty-report)","decl":{"start":{"line":1,"column":56},"end":{"line":2,"column":25}},"loc":{"start":{"line":1,"column":56},"end":{"line":2,"column":25}},"line":1}},"f":{"0":0}}
,"/home/pepodev/projects/pepodev/number-guessing/src/routes/+layout.svelte": {"path":"/home/pepodev/projects/pepodev/number-guessing/src/routes/+layout.svelte","all":true,"statementMap":{"0":{"start":{"line":1,"column":0},"end":{"line":1,"column":18}}},"s":{"0":0},"branchMap":{"0":{"type":"branch","line":1,"loc":{"start":{"line":1,"column":197},"end":{"line":11,"column":22}},"locations":[{"start":{"line":1,"column":197},"end":{"line":11,"column":22}}]}},"b":{"0":[0]},"fnMap":{"0":{"name":"(empty-report)","decl":{"start":{"line":1,"column":197},"end":{"line":11,"column":22}},"loc":{"start":{"line":1,"column":197},"end":{"line":11,"column":22}},"line":1}},"f":{"0":0}}
,"/home/pepodev/projects/pepodev/number-guessing/src/routes/+page.svelte": {"path":"/home/pepodev/projects/pepodev/number-guessing/src/routes/+page.svelte","all":true,"statementMap":{"0":{"start":{"line":1,"column":0},"end":{"line":1,"column":18}},"6":{"start":{"line":7,"column":0},"end":{"line":7,"column":34}},"8":{"start":{"line":9,"column":0},"end":{"line":9,"column":26}},"9":{"start":{"line":10,"column":0},"end":{"line":10,"column":22}},"10":{"start":{"line":11,"column":0},"end":{"line":11,"column":2}},"12":{"start":{"line":13,"column":0},"end":{"line":13,"column":27}},"13":{"start":{"line":14,"column":0},"end":{"line":14,"column":23}},"14":{"start":{"line":15,"column":0},"end":{"line":15,"column":2}},"16":{"start":{"line":17,"column":0},"end":{"line":17,"column":26}},"17":{"start":{"line":18,"column":0},"end":{"line":18,"column":27}},"18":{"start":{"line":19,"column":0},"end":{"line":19,"column":2}},"20":{"start":{"line":21,"column":0},"end":{"line":21,"column":16}},"21":{"start":{"line":22,"column":0},"end":{"line":22,"column":27}},"22":{"start":{"line":23,"column":0},"end":{"line":23,"column":4}},"32":{"start":{"line":33,"column":0},"end":{"line":33,"column":25}},"46":{"start":{"line":47,"column":0},"end":{"line":47,"column":138}},"48":{"start":{"line":49,"column":0},"end":{"line":49,"column":37}},"50":{"start":{"line":51,"column":0},"end":{"line":51,"column":111}},"55":{"start":{"line":56,"column":0},"end":{"line":56,"column":36}},"63":{"start":{"line":64,"column":0},"end":{"line":64,"column":26}},"83":{"start":{"line":84,"column":0},"end":{"line":84,"column":18}},"84":{"start":{"line":85,"column":0},"end":{"line":85,"column":42}}},"s":{"0":0,"6":0,"8":0,"9":0,"10":0,"12":0,"13":0,"14":0,"16":0,"17":0,"18":0,"20":0,"21":0,"22":0,"32":0,"46":0,"48":0,"50":0,"55":0,"63":0,"83":0,"84":0},"branchMap":{"0":{"type":"branch","line":1,"loc":{"start":{"line":1,"column":2948},"end":{"line":86,"column":5}},"locations":[{"start":{"line":1,"column":2948},"end":{"line":86,"column":5}}]}},"b":{"0":[0]},"fnMap":{"0":{"name":"(empty-report)","decl":{"start":{"line":1,"column":2948},"end":{"line":86,"column":5}},"loc":{"start":{"line":1,"column":2948},"end":{"line":86,"column":5}},"line":1}},"f":{"0":0}}
}
